  237  vi plot_FullRunII.py 
  238  mkPlot.py --inputFile=plot_FullRunII_mll_sr_0j_B9.root --pycfg=configuration_combined_FullRunII.py --showIntegralLegend=1 --onlyCut=ww2l2v_13TeV_sr_0j_B9 --fileFormats=png,pdf,root
  239  vi plot_FullRunII.py 
  240  mkPlot.py --inputFile=plot_FullRunII_mll_sr_0j_B10.root --pycfg=configuration_combined_FullRunII.py --showIntegralLegend=1 --onlyCut=ww2l2v_13TeV_sr_0j_B10 --fileFormats=png,pdf,root
  241  vi plot_FullRunII.py 
  242  mkPlot.py --inputFile=plot_FullRunII_mll_sr_0j_B11.root --pycfg=configuration_combined_FullRunII.py --showIntegralLegend=1 --onlyCut=ww2l2v_13TeV_sr_0j_B11 --fileFormats=png,pdf,root
  243  vi plot_FullRunII.py 
  244  mkPlot.py --inputFile=plot_FullRunII_mll_sr_1j_B0.root --pycfg=configuration_combined_FullRunII.py --showIntegralLegend=1 --onlyCut=ww2l2v_13TeV_sr_1j_B0 --fileFormats=png,pdf,root
  245  vi plot_FullRunII.py 
  246  mkPlot.py --inputFile=plot_FullRunII_mll_sr_1j_B0.root --pycfg=configuration_combined_FullRunII.py --showIntegralLegend=1 --onlyCut=ww2l2v_13TeV_sr_1j_B0 --fileFormats=png,pdf,root
  247  vi plot_FullRunII.py 
  248  mkPlot.py --inputFile=plot_FullRunII_mll_sr_1j_B0.root --pycfg=configuration_combined_FullRunII.py --showIntegralLegend=1 --onlyCut=ww2l2v_13TeV_sr_1j_B0 --fileFormats=png,pdf,root
  249  vi plot_FullRunII.py 
  250  mkPlot.py --inputFile=plot_FullRunII_mll_sr_1j_B0.root --pycfg=configuration_combined_FullRunII.py --showIntegralLegend=1 --onlyCut=ww2l2v_13TeV_sr_1j_B0 --fileFormats=png,pdf,root
  251  vi plot_FullRunII.py 
  252  mkPlot.py --inputFile=plot_FullRunII_mll_sr_1j_B1.root --pycfg=configuration_combined_FullRunII.py --showIntegralLegend=1 --onlyCut=ww2l2v_13TeV_sr_1j_B1 --fileFormats=png,pdf,root
  253  vi plot_FullRunII.py 
  254  mkPlot.py --inputFile=plot_FullRunII_mll_sr_1j_B2.root --pycfg=configuration_combined_FullRunII.py --showIntegralLegend=1 --onlyCut=ww2l2v_13TeV_sr_1j_B2 --fileFormats=png,pdf,root
  255  vi plot_FullRunII.py 
  256  mkPlot.py --inputFile=plot_FullRunII_mll_sr_1j_B3.root --pycfg=configuration_combined_FullRunII.py --showIntegralLegend=1 --onlyCut=ww2l2v_13TeV_sr_1j_B3 --fileFormats=png,pdf,root
  257  vi plot_FullRunII.py 
  258  mkPlot.py --inputFile=plot_FullRunII_mll_sr_1j_B4.root --pycfg=configuration_combined_FullRunII.py --showIntegralLegend=1 --onlyCut=ww2l2v_13TeV_sr_1j_B4 --fileFormats=png,pdf,root
  259  vi plot_FullRunII.py 
  260  mkPlot.py --inputFile=plot_FullRunII_mll_sr_1j_B5.root --pycfg=configuration_combined_FullRunII.py --showIntegralLegend=1 --onlyCut=ww2l2v_13TeV_sr_1j_B5 --fileFormats=png,pdf,root
  261  vi plot_FullRunII.py 
  262  mkPlot.py --inputFile=plot_FullRunII_mll_sr_1j_B6.root --pycfg=configuration_combined_FullRunII.py --showIntegralLegend=1 --onlyCut=ww2l2v_13TeV_sr_1j_B6 --fileFormats=png,pdf,root
  263  vi plot_FullRunII.py 
  264  mkPlot.py --inputFile=plot_FullRunII_mll_sr_1j_B7.root --pycfg=configuration_combined_FullRunII.py --showIntegralLegend=1 --onlyCut=ww2l2v_13TeV_sr_1j_B7 --fileFormats=png,pdf,root
  265  vi plot_FullRunII.py 
  266  mkPlot.py --inputFile=plot_FullRunII_mll_sr_1j_B8.root --pycfg=configuration_combined_FullRunII.py --showIntegralLegend=1 --onlyCut=ww2l2v_13TeV_sr_1j_B8 --fileFormats=png,pdf,root
  267  vi plot_FullRunII.py 
  268  mkPlot.py --inputFile=plot_FullRunII_mll_sr_1j_B8.root --pycfg=configuration_combined_FullRunII.py --showIntegralLegend=1 --onlyCut=ww2l2v_13TeV_sr_1j_B8 --fileFormats=png,pdf,root
  269  vi plot_FullRunII.py 
  270  mkPlot.py --inputFile=plot_FullRunII_mll_sr_1j_B9.root --pycfg=configuration_combined_FullRunII.py --showIntegralLegend=1 --onlyCut=ww2l2v_13TeV_sr_1j_B9 --fileFormats=png,pdf,root
  271  vi plot_FullRunII.py 
  272  mkPlot.py --inputFile=plot_FullRunII_mll_sr_1j_B10.root --pycfg=configuration_combined_FullRunII.py --showIntegralLegend=1 --onlyCut=ww2l2v_13TeV_sr_1j_B10 --fileFormats=png,pdf,root
  273  vi plot_FullRunII.py 
  274  mkPlot.py --inputFile=plot_FullRunII_mll_sr_1j_B11.root --pycfg=configuration_combined_FullRunII.py --showIntegralLegend=1 --onlyCut=ww2l2v_13TeV_sr_1j_B11 --fileFormats=png,pdf,root
  275  vi plot_FullRunII.py 
  276  mkPlot.py --inputFile=plot_FullRunII_mll_sr_2j_B0.root --pycfg=configuration_combined_FullRunII.py --showIntegralLegend=1 --onlyCut=ww2l2v_13TeV_sr_2j_B0 --fileFormats=png,pdf,root
  277  vi plot_FullRunII.py 
  278  mkPlot.py --inputFile=plot_FullRunII_mll_sr_2j_B1.root --pycfg=configuration_combined_FullRunII.py --showIntegralLegend=1 --onlyCut=ww2l2v_13TeV_sr_2j_B1 --fileFormats=png,pdf,root
  279  vi plot_FullRunII.py 
  280  mkPlot.py --inputFile=plot_FullRunII_mll_sr_2j_B2.root --pycfg=configuration_combined_FullRunII.py --showIntegralLegend=1 --onlyCut=ww2l2v_13TeV_sr_2j_B2 --fileFormats=png,pdf,root
  281  vi plot_FullRunII.py 
  282  mkPlot.py --inputFile=plot_FullRunII_mll_sr_2j_B3.root --pycfg=configuration_combined_FullRunII.py --showIntegralLegend=1 --onlyCut=ww2l2v_13TeV_sr_2j_B3 --fileFormats=png,pdf,root
  283  vi plot_FullRunII.py 
  284  mkPlot.py --inputFile=plot_FullRunII_mll_sr_2j_B4.root --pycfg=configuration_combined_FullRunII.py --showIntegralLegend=1 --onlyCut=ww2l2v_13TeV_sr_2j_B4 --fileFormats=png,pdf,root
  285  vi plot_FullRunII.py 
  286  mkPlot.py --inputFile=plot_FullRunII_mll_sr_2j_B5.root --pycfg=configuration_combined_FullRunII.py --showIntegralLegend=1 --onlyCut=ww2l2v_13TeV_sr_2j_B5 --fileFormats=png,pdf,root
  287  vi plot_FullRunII.py 
  288  mkPlot.py --inputFile=plot_FullRunII_mll_sr_2j_B6.root --pycfg=configuration_combined_FullRunII.py --showIntegralLegend=1 --onlyCut=ww2l2v_13TeV_sr_2j_B6 --fileFormats=png,pdf,root
  289  vi plot_FullRunII.py 
  290  mkPlot.py --inputFile=plot_FullRunII_mll_sr_2j_B7.root --pycfg=configuration_combined_FullRunII.py --showIntegralLegend=1 --onlyCut=ww2l2v_13TeV_sr_2j_B7 --fileFormats=png,pdf,root
  291  vi plot_FullRunII.py 
  292  mkPlot.py --inputFile=plot_FullRunII_mll_sr_2j_B8.root --pycfg=configuration_combined_FullRunII.py --showIntegralLegend=1 --onlyCut=ww2l2v_13TeV_sr_2j_B8 --fileFormats=png,pdf,root
  293  vi plot_FullRunII.py 
  294  mkPlot.py --inputFile=plot_FullRunII_mll_sr_2j_B9.root --pycfg=configuration_combined_FullRunII.py --showIntegralLegend=1 --onlyCut=ww2l2v_13TeV_sr_2j_B9 --fileFormats=png,pdf,root
  295  vi plot_FullRunII.py 
  296  mkPlot.py --inputFile=plot_FullRunII_mll_sr_2j_B10.root --pycfg=configuration_combined_FullRunII.py --showIntegralLegend=1 --onlyCut=ww2l2v_13TeV_sr_2j_B10 --fileFormats=png,pdf,root
  297  vi plot_FullRunII.py 
  298  mkPlot.py --inputFile=plot_FullRunII_mll_sr_2j_B10.root --pycfg=configuration_combined_FullRunII.py --showIntegralLegend=1 --onlyCut=ww2l2v_13TeV_sr_2j_B10 --fileFormats=png,pdf,root
  299  vi plot_FullRunII.py 
  300  mkPlot.py --inputFile=plot_FullRunII_mll_sr_2j_B11.root --pycfg=configuration_combined_FullRunII.py --showIntegralLegend=1 --onlyCut=ww2l2v_13TeV_sr_2j_B11 --fileFormats=png,pdf,root
  301  vi plot_FullRunII.py 
  302  mkPlot.py --inputFile=plot_FullRunII_mll_sr_2j_B11.root --pycfg=configuration_combined_FullRunII.py --showIntegralLegend=1 --onlyCut=ww2l2v_13TeV_sr_2j_B11 --fileFormats=png,pdf,root
  303  ls
  304  mv plot_combined_FullRunII postFit_Plots
  305  vi All_Check_Missing_Histograms.py 
  306  python All_Check_Missing_Histograms.py 
  307  vi All_Check_Missing_Histograms.py 
  308  sed -i "s/0j/1j/g" All_Check_Missing_Histograms.py 
  309  vi All_Check_Missing_Histograms.py 
  310  python All_Check_Missing_Histograms.py 
  311  vi All_Check_Missing_Histograms.py 
  312  sed -i "s/1j/2j/g" All_Check_Missing_Histograms.py \
  313  sed -i "s/1j/2j/g" All_Check_Missing_Histograms.py 
  314  vi All_Check_Missing_Histograms.py 
  315  python All_Check_Missing_Histograms.py 
  316  pwd
  317  ls
  318  ls plot_combined_FullRunII/*.png
  319  ls
  320  condor_q
  321  pwd
  322  exit
  323  cmsenv
  324  vi plot_FullRunII.py 
  325  cat makePostFitPlots_mll.sh 
  326  ls
  327  mv postFit_Plots/ preFit_Plots
  328  mkPlot.py --inputFile=plot_FullRunII_mll_sr_0j_B0_postFit.root --pycfg=configuration_combined_FullRunII.py --showIntegralLegend=1 --onlyCut=ww2l2v_13TeV_sr_0j_B0 --fileFormats=png,pdf,root
  329  mv postFit_Plots/ preFit_Plots
  330  vi plot_FullRunII.py 
  331  mkPlot.py --inputFile=plot_FullRunII_mll_sr_0j_B1_postFit.root --pycfg=configuration_combined_FullRunII.py --showIntegralLegend=1 --onlyCut=ww2l2v_13TeV_sr_0j_B1 --fileFormats=png,pdf,root
  332  vi plot_FullRunII.py 
  333  mkPlot.py --inputFile=plot_FullRunII_mll_sr_0j_B2_postFit.root --pycfg=configuration_combined_FullRunII.py --showIntegralLegend=1 --onlyCut=ww2l2v_13TeV_sr_0j_B2 --fileFormats=png,pdf,root
  334  vi plot_FullRunII.py 
  335  mkPlot.py --inputFile=plot_FullRunII_mll_sr_0j_B2_postFit.root --pycfg=configuration_combined_FullRunII.py --showIntegralLegend=1 --onlyCut=ww2l2v_13TeV_sr_0j_B2 --fileFormats=png,pdf,root
  336  vi plot_FullRunII.py 
  337  mkPlot.py --inputFile=plot_FullRunII_mll_sr_0j_B3_postFit.root --pycfg=configuration_combined_FullRunII.py --showIntegralLegend=1 --onlyCut=ww2l2v_13TeV_sr_0j_B3 --fileFormats=png,pdf,root
  338  vi plot_FullRunII.py 
  339  mkPlot.py --inputFile=plot_FullRunII_mll_sr_0j_B3_postFit.root --pycfg=configuration_combined_FullRunII.py --showIntegralLegend=1 --onlyCut=ww2l2v_13TeV_sr_0j_B3 --fileFormats=png,pdf,root
  340  vi plot_FullRunII.py 
  341  mkPlot.py --inputFile=plot_FullRunII_mll_sr_0j_B3_postFit.root --pycfg=configuration_combined_FullRunII.py --showIntegralLegend=1 --onlyCut=ww2l2v_13TeV_sr_0j_B3 --fileFormats=png,pdf,root
  342  vi plot_FullRunII.py 
  343  mkPlot.py --inputFile=plot_FullRunII_mll_sr_0j_B4_postFit.root --pycfg=configuration_combined_FullRunII.py --showIntegralLegend=1 --onlyCut=ww2l2v_13TeV_sr_0j_B4 --fileFormats=png,pdf,root
  344  vi plot_FullRunII.py 
  345  mkPlot.py --inputFile=plot_FullRunII_mll_sr_0j_B5_postFit.root --pycfg=configuration_combined_FullRunII.py --showIntegralLegend=1 --onlyCut=ww2l2v_13TeV_sr_0j_B5 --fileFormats=png,pdf,root
  346  vi plot_FullRunII.py 
  347  mkPlot.py --inputFile=plot_FullRunII_mll_sr_0j_B6_postFit.root --pycfg=configuration_combined_FullRunII.py --showIntegralLegend=1 --onlyCut=ww2l2v_13TeV_sr_0j_B6 --fileFormats=png,pdf,root
  348  vi plot_FullRunII.py 
  349  mkPlot.py --inputFile=plot_FullRunII_mll_sr_0j_B6_postFit.root --pycfg=configuration_combined_FullRunII.py --showIntegralLegend=1 --onlyCut=ww2l2v_13TeV_sr_0j_B6 --fileFormats=png,pdf,root
  350  vi plot_FullRunII.py 
  351  mkPlot.py --inputFile=plot_FullRunII_mll_sr_0j_B6_postFit.root --pycfg=configuration_combined_FullRunII.py --showIntegralLegend=1 --onlyCut=ww2l2v_13TeV_sr_0j_B6 --fileFormats=png,pdf,root
  352  vi plot_FullRunII.py 
  353  mkPlot.py --inputFile=plot_FullRunII_mll_sr_0j_B7_postFit.root --pycfg=configuration_combined_FullRunII.py --showIntegralLegend=1 --onlyCut=ww2l2v_13TeV_sr_0j_B7 --fileFormats=png,pdf,root
  354  vi plot_FullRunII.py 
  355  mkPlot.py --inputFile=plot_FullRunII_mll_sr_0j_B8_postFit.root --pycfg=configuration_combined_FullRunII.py --showIntegralLegend=1 --onlyCut=ww2l2v_13TeV_sr_0j_B8 --fileFormats=png,pdf,root
  356  vi plot_FullRunII.py 
  357  mkPlot.py --inputFile=plot_FullRunII_mll_sr_0j_B9_postFit.root --pycfg=configuration_combined_FullRunII.py --showIntegralLegend=1 --onlyCut=ww2l2v_13TeV_sr_0j_B9 --fileFormats=png,pdf,root
  358  vi plot_FullRunII.py 
  359  mkPlot.py --inputFile=plot_FullRunII_mll_sr_0j_B10_postFit.root --pycfg=configuration_combined_FullRunII.py --showIntegralLegend=1 --onlyCut=ww2l2v_13TeV_sr_0j_B10 --fileFormats=png,pdf,root
  360  vi plot_FullRunII.py 
  361  mkPlot.py --inputFile=plot_FullRunII_mll_sr_0j_B11_postFit.root --pycfg=configuration_combined_FullRunII.py --showIntegralLegend=1 --onlyCut=ww2l2v_13TeV_sr_0j_B11 --fileFormats=png,pdf,root
  362  vi plot_FullRunII.py 
  363  mkPlot.py --inputFile=plot_FullRunII_mll_sr_1j_B0_postFit.root --pycfg=configuration_combined_FullRunII.py --showIntegralLegend=1 --onlyCut=ww2l2v_13TeV_sr_1j_B0 --fileFormats=png,pdf,root
  364  vi plot_FullRunII.py 
  365  mkPlot.py --inputFile=plot_FullRunII_mll_sr_1j_B1_postFit.root --pycfg=configuration_combined_FullRunII.py --showIntegralLegend=1 --onlyCut=ww2l2v_13TeV_sr_1j_B1 --fileFormats=png,pdf,root
  366  vi plot_FullRunII.py 
  367  mkPlot.py --inputFile=plot_FullRunII_mll_sr_1j_B12_postFit.root --pycfg=configuration_combined_FullRunII.py --showIntegralLegend=1 --onlyCut=ww2l2v_13TeV_sr_1j_B2 --fileFormats=png,pdf,root
  368  mkPlot.py --inputFile=plot_FullRunII_mll_sr_1j_B2_postFit.root --pycfg=configuration_combined_FullRunII.py --showIntegralLegend=1 --onlyCut=ww2l2v_13TeV_sr_1j_B2 --fileFormats=png,pdf,root
  369  vi plot_FullRunII.py 
  370  mkPlot.py --inputFile=plot_FullRunII_mll_sr_1j_B3_postFit.root --pycfg=configuration_combined_FullRunII.py --showIntegralLegend=1 --onlyCut=ww2l2v_13TeV_sr_1j_B3 --fileFormats=png,pdf,root
  371  vi plot_FullRunII.py 
  372  mkPlot.py --inputFile=plot_FullRunII_mll_sr_1j_B4_postFit.root --pycfg=configuration_combined_FullRunII.py --showIntegralLegend=1 --onlyCut=ww2l2v_13TeV_sr_1j_B4 --fileFormats=png,pdf,root
  373  vi plot_FullRunII.py 
  374  mkPlot.py --inputFile=plot_FullRunII_mll_sr_1j_B5_postFit.root --pycfg=configuration_combined_FullRunII.py --showIntegralLegend=1 --onlyCut=ww2l2v_13TeV_sr_1j_B5 --fileFormats=png,pdf,root
  375  vi plot_FullRunII.py 
  376  mkPlot.py --inputFile=plot_FullRunII_mll_sr_1j_B5_postFit.root --pycfg=configuration_combined_FullRunII.py --showIntegralLegend=1 --onlyCut=ww2l2v_13TeV_sr_1j_B5 --fileFormats=png,pdf,root
  377  vi plot_FullRunII.py 
  378  mkPlot.py --inputFile=plot_FullRunII_mll_sr_1j_B6_postFit.root --pycfg=configuration_combined_FullRunII.py --showIntegralLegend=1 --onlyCut=ww2l2v_13TeV_sr_1j_B6 --fileFormats=png,pdf,root
  379  vi plot_FullRunII.py 
  380  mkPlot.py --inputFile=plot_FullRunII_mll_sr_1j_B7_postFit.root --pycfg=configuration_combined_FullRunII.py --showIntegralLegend=1 --onlyCut=ww2l2v_13TeV_sr_1j_B7 --fileFormats=png,pdf,root
  381  vi plot_FullRunII.py 
  382  mkPlot.py --inputFile=plot_FullRunII_mll_sr_1j_B8_postFit.root --pycfg=configuration_combined_FullRunII.py --showIntegralLegend=1 --onlyCut=ww2l2v_13TeV_sr_1j_B8 --fileFormats=png,pdf,root
  383  vi plot_FullRunII.py 
  384  mkPlot.py --inputFile=plot_FullRunII_mll_sr_1j_B8_postFit.root --pycfg=configuration_combined_FullRunII.py --showIntegralLegend=1 --onlyCut=ww2l2v_13TeV_sr_1j_B8 --fileFormats=png,pdf,root
  385  vi plot_FullRunII.py 
  386  mkPlot.py --inputFile=plot_FullRunII_mll_sr_1j_B8_postFit.root --pycfg=configuration_combined_FullRunII.py --showIntegralLegend=1 --onlyCut=ww2l2v_13TeV_sr_1j_B8 --fileFormats=png,pdf,root
  387  vi plot_FullRunII.py 
  388  mkPlot.py --inputFile=plot_FullRunII_mll_sr_1j_B9_postFit.root --pycfg=configuration_combined_FullRunII.py --showIntegralLegend=1 --onlyCut=ww2l2v_13TeV_sr_1j_B9 --fileFormats=png,pdf,root
  389  vi plot_FullRunII.py 
  390  mkPlot.py --inputFile=plot_FullRunII_mll_sr_1j_B10_postFit.root --pycfg=configuration_combined_FullRunII.py --showIntegralLegend=1 --onlyCut=ww2l2v_13TeV_sr_1j_B10 --fileFormats=png,pdf,root
  391  vi plot_FullRunII.py 
  392  mkPlot.py --inputFile=plot_FullRunII_mll_sr_1j_B11_postFit.root --pycfg=configuration_combined_FullRunII.py --showIntegralLegend=1 --onlyCut=ww2l2v_13TeV_sr_1j_B11 --fileFormats=png,pdf,root
  393  vi plot_FullRunII.py 
  394  mkPlot.py --inputFile=plot_FullRunII_mll_sr_2j_B0_postFit.root --pycfg=configuration_combined_FullRunII.py --showIntegralLegend=1 --onlyCut=ww2l2v_13TeV_sr_2j_B0 --fileFormats=png,pdf,root
  395  vi plot_FullRunII.py 
  396  mkPlot.py --inputFile=plot_FullRunII_mll_sr_2j_B1_postFit.root --pycfg=configuration_combined_FullRunII.py --showIntegralLegend=1 --onlyCut=ww2l2v_13TeV_sr_2j_B1 --fileFormats=png,pdf,root
  397  vi plot_FullRunII.py 
  398  mkPlot.py --inputFile=plot_FullRunII_mll_sr_2j_B2_postFit.root --pycfg=configuration_combined_FullRunII.py --showIntegralLegend=1 --onlyCut=ww2l2v_13TeV_sr_2j_B2 --fileFormats=png,pdf,root
  399  vi plot_FullRunII.py 
  400  mkPlot.py --inputFile=plot_FullRunII_mll_sr_2j_B3_postFit.root --pycfg=configuration_combined_FullRunII.py --showIntegralLegend=1 --onlyCut=ww2l2v_13TeV_sr_2j_B3 --fileFormats=png,pdf,root
  401  vi plot_FullRunII.py 
  402  mkPlot.py --inputFile=plot_FullRunII_mll_sr_2j_B4_postFit.root --pycfg=configuration_combined_FullRunII.py --showIntegralLegend=1 --onlyCut=ww2l2v_13TeV_sr_2j_B4 --fileFormats=png,pdf,root
  403  vi plot_FullRunII.py 
  404  mkPlot.py --inputFile=plot_FullRunII_mll_sr_2j_B5_postFit.root --pycfg=configuration_combined_FullRunII.py --showIntegralLegend=1 --onlyCut=ww2l2v_13TeV_sr_2j_B5 --fileFormats=png,pdf,root
  405  vi plot_FullRunII.py 
  406  mkPlot.py --inputFile=plot_FullRunII_mll_sr_2j_B6_postFit.root --pycfg=configuration_combined_FullRunII.py --showIntegralLegend=1 --onlyCut=ww2l2v_13TeV_sr_2j_B6 --fileFormats=png,pdf,root
  407  vi plot_FullRunII.py 
  408  mkPlot.py --inputFile=plot_FullRunII_mll_sr_2j_B7_postFit.root --pycfg=configuration_combined_FullRunII.py --showIntegralLegend=1 --onlyCut=ww2l2v_13TeV_sr_2j_B7 --fileFormats=png,pdf,root
  409  vi plot_FullRunII.py 
  410  mkPlot.py --inputFile=plot_FullRunII_mll_sr_2j_B8_postFit.root --pycfg=configuration_combined_FullRunII.py --showIntegralLegend=1 --onlyCut=ww2l2v_13TeV_sr_2j_B8 --fileFormats=png,pdf,root
  411  vi plot_FullRunII.py 
  412  mkPlot.py --inputFile=plot_FullRunII_mll_sr_2j_B9_postFit.root --pycfg=configuration_combined_FullRunII.py --showIntegralLegend=1 --onlyCut=ww2l2v_13TeV_sr_2j_B9 --fileFormats=png,pdf,root
  413  vi plot_FullRunII.py 
  414  mkPlot.py --inputFile=plot_FullRunII_mll_sr_2j_B10_postFit.root --pycfg=configuration_combined_FullRunII.py --showIntegralLegend=1 --onlyCut=ww2l2v_13TeV_sr_2j_B10 --fileFormats=png,pdf,root
  415  vi plot_FullRunII.py 
  416  mkPlot.py --inputFile=plot_FullRunII_mll_sr_2j_B11_postFit.root --pycfg=configuration_combined_FullRunII.py --showIntegralLegend=1 --onlyCut=ww2l2v_13TeV_sr_2j_B11 --fileFormats=png,pdf,root
  417  ls
  418  ls plot_combined_FullRunII/*.png
  419  ls
  420  mv plot_combined_FullRunII/ postFit_Plots
  421  exit
  422  cmsenv
  423  bash makePostFitPlots_njets.sh
  424  ls
  425  mkdir preFit_Plots
  426  mv plot_combined_* preFit_Plots/
  427  pwd
  428  cd /afs/cern.ch/work/s/ssaumya/private/Projects/WW_Analysis_Work/CMSSW_10_6_39/src/PlotsConfigurations/Configurations/WW/FullRunII/
  429  ls
  430  cd Full2018_v9/
  431  ls
  432  cd leadinglepPT/
  433  ls
  434  vimdiff ../subleadinglepPT/configuration.py 
  435  vimdiff ../subleadinglepPT/configuration.py configuration.py 
  436  vimdiff ../subleadinglepPT/cuts.py cuts.py 
  437  vimdiff ../subleadinglepPT/aliases.py 
  438  vimdiff ../subleadinglepPT/aliases.py aliases.py 
  439  vimdiff ../subleadinglepPT/nuisances.py nuisances.py 
  440  vimdiff ../subleadinglepPT/samples.py samples.py 
  441  vimdiff ../subleadinglepPT/structure.py structure.py 
  442  vimdiff ../subleadinglepPT/plot.py plot.py 
  443  condor_q
  444  pwd
  445  exit
  446  condor_q
  447  cd /afs/cern.ch/work/s/ssaumya/private/Projects/HiggsCombine/CMSSW_14_1_0_pre4/src/HiggsAnalysis/CombinedLimit/macros/Datacards_6Dec2025/differential_DF/ptWW/Impacts_Observed
  448  ls /afs/cern.ch/work/s/ssaumya/private/Projects/WW_Analysis_Work/CMSSW_10_6_39/src/PlotsConfigurations/Configurations/WW/FullRunII/Tools/preFit_postFit_Plots/inclusive_SF
  449  ls /afs/cern.ch/work/s/ssaumya/private/Projects/WW_Analysis_Work/CMSSW_10_6_39/src/PlotsConfigurations/Configurations/WW/FullRunII/Tools/preFit_postFit_Plots/dphijj/
  450  cd /afs/cern.ch/work/s/ssaumya/private/Projects/WW_Analysis_Work/CMSSW_10_6_39/src/PlotsConfigurations/Configurations/WW/FullRunII/Tools/preFit_postFit_Plots/dphijj/
  451  ls
  452  pwd
  453  cd ../mll/
  454  ls
  455  pwd
  456  bash /afs/cern.ch/work/s/ssaumya/private/Projects/WW_Analysis_Work/CMSSW_10_6_39/src/start_el7.sh 
  457  cd /afs/cern.ch/work/s/ssaumya/private/Projects/HiggsCombine/CMSSW_14_1_0_pre4/src/HiggsAnalysis/CombinedLimit/macros/Datacards_6Dec2025/differential_DF/dphijj/Impacts_Expected
  458  cd ..
  459  ls
  460  condor_q
  461  pwd
  462  ls
  463  pwd
  464  ls
  465  pwd
  466  ls
  467  cd /afs/cern.ch/work/s/ssaumya/private/Projects/HiggsCombine/CMSSW_14_1_0_pre4/src/HiggsAnalysis/CombinedLimit/macros/Datacards_6Dec2025/differential_DF/njets/
  468  pwd
  469  ls
  470  cd Impacts_Expected/
  471  ls
  472  ls *.pdf
  473  pwd
  474  cd /afs/cern.ch/work/s/ssaumya/private/Projects/HiggsCombine/CMSSW_14_1_0_pre4/src/HiggsAnalysis/CombinedLimit/macros/Datacards_6Dec2025/differential_DF/ptll
  475  ls
  476  cd Impacts_Observed/
  477  ls
  478  ls *.sh
  479  vi doFit_ptll_Observed.sh 
  480  bash doFit_ptll_Observed.sh 
  481  cmsenv
  482  bash doFit_ptll_Observed.sh 
  483  vi doFit_ptll_Observed.sh 
  484  bash doFit_ptll_Observed.sh 
  485  pwd
  486  cd ../../mll/Impacts_Observed/
  487  vi doFit_mll_Observed.sh 
  488  ls *.pdf
  489  cd /afs/cern.ch/work/s/ssaumya/private/Projects/HiggsCombine/CMSSW_14_1_0_pre4/src/HiggsAnalysis/CombinedLimit/macros/Datacards_6Dec2025/differential_DF/ptWW/Impacts_Observed
  490  ls
  491  vi doFit_ptWW_Observed.sh 
  492  bash doFit_ptWW_Observed.sh 
  493  pwd
  494  vi doFit_ptWW_Observed.sh 
  495  bash doFit_ptWW_Observed.sh 
  496  pwd
  497  cd /afs/cern.ch/work/s/ssaumya/private/Projects/HiggsCombine/CMSSW_14_1_0_pre4/src/HiggsAnalysis/CombinedLimit/macros/Datacards_6Dec2025/differential_DF/jetpt0/Impacts_Observed
  498  vi doFit_jetpt0_Observed.sh 
  499  ls *.pdf
  500  cd /afs/cern.ch/work/s/ssaumya/private/Projects/HiggsCombine/CMSSW_14_1_0_pre4/src/HiggsAnalysis/CombinedLimit/macros/Datacards_6Dec2025/differential_DF/jetpt1/Impacts_Observed
  501  ls *.pdf
  502  pwd
  503  cd /afs/cern.ch/work/s/ssaumya/private/Projects/HiggsCombine/CMSSW_14_1_0_pre4/src/HiggsAnalysis/CombinedLimit/macros/Datacards_6Dec2025/differential_DF/dphijj/Impacts_Observed
  504  ls
  505  ls *.pdf
  506  cd /afs/cern.ch/work/s/ssaumya/private/Projects/HiggsCombine/CMSSW_14_1_0_pre4/src/HiggsAnalysis/CombinedLimit/macros/Datacards_6Dec2025/differential_DF/dphijj/Impacts_Expected
  507  ls *.pdf
  508  vi doFit_dphijj_Expected.sh 
  509  bash doFit_dphijj_Expected.sh 
  510  vi doFit_dphijj_Expected.sh 
  511  bash doFit_dphijj_Expected.sh 
  512  ls *.pdf
  513  pwd
  514  cd /afs/cern.ch/work/s/ssaumya/private/Projects/HiggsCombine/CMSSW_14_1_0_pre4/src/HiggsAnalysis/CombinedLimit/macros/Datacards_6Dec2025/differential_DF/leadinglepPT/Impacts_Expected
  515  ls *.pdf
  516  vi doFit_leadinglepPT_Expected.sh 
  517  bash doFit_leadinglepPT_Expected.sh 
  518  vi doFit_leadinglepPT_Expected.sh 
  519  bash doFit_leadinglepPT_Expected.sh 
  520  pwd
  521  cd /afs/cern.ch/work/s/ssaumya/private/Projects/HiggsCombine/CMSSW_14_1_0_pre4/src/HiggsAnalysis/CombinedLimit/macros/Datacards_6Dec2025/differential_DF/leadinglepPT/Impacts_Observed
  522  ls *.pdf
  523  pwd
  524  cd /afs/cern.ch/work/s/ssaumya/private/Projects/HiggsCombine/CMSSW_14_1_0_pre4/src/HiggsAnalysis/CombinedLimit/macros/Datacards_6Dec2025/differential_DF/ptWW/Impacts_Observed
  525  ls *.sh
  526  vi doFit_ptWW_Regularized_Observed.sh
  527  pwd
  528  cd ..
  529  ls
  530  mkdir Impacts_Regularized_Observed
  531  cd Impacts_Regularized_Observed/
  532  ls ../Impacts_Observed/*.sh
  533  cp ../Impacts_Observed/doFit_ptWW_Regularized_Observed.sh .
  534  ls
  535  vi doFit_ptWW_Regularized_Observed.sh 
  536  bash doFit_ptWW_Regularized_Observed.sh 
  537  condor_q
  538  condor_rm 8984051
  539  condor_q
  540  pwd
  541  cd ../Impacts_Observed/
  542  ls
  543  ls *.out
  544  rm -rf combine_task.8983999.*.out
  545  rm -rf combine_task.8984072.*.out
  546  ls
  547  ls *.out
  548  cat Full2016_HIPM_ptWW.reg.out
  549  cat Full2016_HIPM_ptWW.out
  550  cat Full2016_HIPM_ptWW_Observed.out
  551  cat FullRunII_ptWW_Observed.out
  552  ls *.out
  553  pwd
  554  cd /afs/cern.ch/work/s/ssaumya/private/Projects/WW_Analysis_Work/CMSSW_10_6_39/src/PlotsConfigurations/Configurations/WW/FullRunII/Tools/preFit_postFit_Plots/njets/
  555  ls
  556  rm -rf preFit_Plots/
  557  vi makePostFitPlots_njets.sh
  558  bash makePostFitPlots_njets.sh
  559  pwd
  560  bash /afs/cern.ch/work/s/ssaumya/private/Projects/WW_Analysis_Work/CMSSW_10_6_39/src/start_el7.sh 
  561  exit
  562  cd /afs/cern.ch/work/s/ssaumya/private/Projects/WW_Analysis_Work/CMSSW_10_6_39/src/PlotsConfigurations/Configurations/WW/FullRunII/Tools/preFit_postFit_Plots/mll
  563  ls
  564  pwd
  565  bash /afs/cern.ch/work/s/ssaumya/private/Projects/WW_Analysis_Work/CMSSW_10_6_39/src/start_el7.sh 
  566  cd /afs/cern.ch/work/s/ssaumya/private/Projects/HiggsCombine/CMSSW_14_1_0_pre4/src/HiggsAnalysis/CombinedLimit/macros/Datacards_6Dec2025/differential_DF/ptll/Impacts_Expected/
  567  ls
  568  vi doFit_ptll_Expected.sh 
  569  bash doFit_ptll_Expected.sh 
  570  cmsenv
  571  bash doFit_ptll_Expected.sh 
  572  vi doFit_ptll_Expected.sh 
  573  bash doFit_ptll_Expected.sh 
  574  cd ../../mll/Impacts_Expected/
  575  ls *.pdf
  576  vi doFit_mll_Expected.sh 
  577  bash doFit_mll_Expected.sh 
  578  ls
  579  vi doFit_mll_Expected.sh 
  580  bash doFit_mll_Expected.sh 
  581  cat condor_combine_task.sh 
  582  combine -M MultiDimFit -n _paramFit_mll_CMS_SMP24008_Topnorm_2017_0j --algo impact --redefineSignalPOIs r_0,r_1,r_2,r_3,r_4,r_5,r_6,r_7,r_8,r_9,r_10,r_11 -P CMS_SMP24008_Topnorm_2017_0j --floatOtherPOIs 1 --saveInactivePOI 1 -t -1 --setParameterRanges CMS_SMP24008_Topnorm_2016HIPM_0j=-5,5:CMS_SMP24008_Topnorm_2016HIPM_1j=-5,5:CMS_SMP24008_Topnorm_2016HIPM_2j=-5,5:CMS_SMP24008_Topnorm_2016noHIPM_0j=-5,5:CMS_SMP24008_Topnorm_2016noHIPM_1j=-5,5:CMS_SMP24008_Topnorm_2016noHIPM_2j=-5,5:CMS_SMP24008_Topnorm_2017_0j=-5,5:CMS_SMP24008_Topnorm_2017_1j=-5,5:CMS_SMP24008_Topnorm_2017_2j=-5,5:CMS_SMP24008_Topnorm_2018_0j=-5,5:CMS_SMP24008_Topnorm_2018_1j=-5,5:CMS_SMP24008_Topnorm_2018_2j=-5,5 --X-rtd MINIMIZER_analytic --robustFit=1 -m 125 -d ../FullRunII_mll.root --setParameters r_0=1,r_1=1,r_2=1,r_3=1,r_4=1,r_5=1,r_6=1,r_7=1,r_8=1,r_9=1,r_10=1,r_11=1 --robustFit 1
  583  combine -M MultiDimFit -n _paramFit_mll_CMS_SMP24008_Topnorm_2017_0j --algo impact --redefineSignalPOIs r_0,r_1,r_2,r_3,r_4,r_5,r_6,r_7,r_8,r_9,r_10,r_11 -P CMS_SMP24008_Topnorm_2017_0j --floatOtherPOIs 1 --saveInactivePOI 1 -t -1 --setParameterRanges CMS_SMP24008_Topnorm_2016HIPM_0j=-5,5:CMS_SMP24008_Topnorm_2016HIPM_1j=-5,5:CMS_SMP24008_Topnorm_2016HIPM_2j=-5,5:CMS_SMP24008_Topnorm_2016noHIPM_0j=-5,5:CMS_SMP24008_Topnorm_2016noHIPM_1j=-5,5:CMS_SMP24008_Topnorm_2016noHIPM_2j=-5,5:CMS_SMP24008_Topnorm_2017_0j=-5,5:CMS_SMP24008_Topnorm_2017_1j=-5,5:CMS_SMP24008_Topnorm_2017_2j=-5,5:CMS_SMP24008_Topnorm_2018_0j=-5,5:CMS_SMP24008_Topnorm_2018_1j=-5,5:CMS_SMP24008_Topnorm_2018_2j=-5,5 --X-rtd MINIMIZER_analytic --robustFit=1 -m 125 -d ../FullRunII_mll.root --setParameters r_0=1,r_1=1,r_2=1,r_3=1,r_4=1,r_5=1,r_6=1,r_7=1,r_8=1,r_9=1,r_10=1,r_11=1 
  584  ulimit -s unlimited
  585  combine -M MultiDimFit -n _paramFit_mll_CMS_SMP24008_Topnorm_2017_0j --algo impact --redefineSignalPOIs r_0,r_1,r_2,r_3,r_4,r_5,r_6,r_7,r_8,r_9,r_10,r_11 -P CMS_SMP24008_Topnorm_2017_0j --floatOtherPOIs 1 --saveInactivePOI 1 -t -1 --setParameterRanges CMS_SMP24008_Topnorm_2016HIPM_0j=-5,5:CMS_SMP24008_Topnorm_2016HIPM_1j=-5,5:CMS_SMP24008_Topnorm_2016HIPM_2j=-5,5:CMS_SMP24008_Topnorm_2016noHIPM_0j=-5,5:CMS_SMP24008_Topnorm_2016noHIPM_1j=-5,5:CMS_SMP24008_Topnorm_2016noHIPM_2j=-5,5:CMS_SMP24008_Topnorm_2017_0j=-5,5:CMS_SMP24008_Topnorm_2017_1j=-5,5:CMS_SMP24008_Topnorm_2017_2j=-5,5:CMS_SMP24008_Topnorm_2018_0j=-5,5:CMS_SMP24008_Topnorm_2018_1j=-5,5:CMS_SMP24008_Topnorm_2018_2j=-5,5 --X-rtd MINIMIZER_analytic --robustFit=1 -m 125 -d ../FullRunII_mll.root --setParameters r_0=1,r_1=1,r_2=1,r_3=1,r_4=1,r_5=1,r_6=1,r_7=1,r_8=1,r_9=1,r_10=1,r_11=1 
  586  vi doFit_mll_Expected.sh 
  587  bash doFit_mll_Expected.sh 
  588  vi doFit_mll_Expected.sh 
  589  bash doFit_mll_Expected.sh 
  590  pwd
  591  ls
  592  pwd
  593  ls /eos/user/s/ssaumya
  594  ls /eos/user/s/ssaumya/WW
  595  ls /eos/user/s/ssaumya/www
  596  ls /eos/user/s/ssaumya/www/WW
  597  ls /eos/user/s/ssaumya/www/WW/U
  598  ls /eos/user/s/ssaumya/www/WW/Unblinding/
  599  mkdir /eos/user/s/ssaumya/www/WW/Unblinding/Step3
  600  mkdir /eos/user/s/ssaumya/www/WW/Unblinding/Step3/Differential
  601  mkdir /eos/user/s/ssaumya/www/WW/Unblinding/Step3/Differential/Impacts
  602  ls /eos/user/s/ssaumya/www/WW/Unblinding/Step3/Differential/Impacts
  603  rm -rf /eos/user/s/ssaumya/www/WW/Unblinding/Step3/Differential/Impacts/extract_First_Page.sh 
  604  rm -rf /eos/user/s/ssaumya/www/WW/Unblinding/Step3/Differential/Impacts/Backup/
  605  rm -rf /eos/user/s/ssaumya/www/WW/Unblinding/Step3/Differential/Impacts/first_pages/
  606  ls /eos/user/s/ssaumya/www/WW/Unblinding/Step3/Differential/Impacts/
  607  ls /eos/user/s/ssaumya/www/WW/Unblinding/Step3/Differential/Impacts/dphijj/
  608  rm -rf /eos/user/s/ssaumya/www/WW/Unblinding/Step3/Differential/Impacts/dphijj/*_page1.pdf
  609  ls /eos/user/s/ssaumya/www/WW/Unblinding/Step3/Differential/Impacts/dphijj/
  610  ls /eos/user/s/ssaumya/www/WW/Unblinding/Step3/Differential/Impacts/
  611  rm -rf /eos/user/s/ssaumya/www/WW/Unblinding/Step3/Differential/Impacts/jetpt0/*_page1.pdf
  612  rm -rf /eos/user/s/ssaumya/www/WW/Unblinding/Step3/Differential/Impacts/jetpt1/*_page1.pdf
  613  rm -rf /eos/user/s/ssaumya/www/WW/Unblinding/Step3/Differential/Impacts/leadinglepPT/*_page1.pdf
  614  rm -rf /eos/user/s/ssaumya/www/WW/Unblinding/Step3/Differential/Impacts/mjj/*_page1.pdf
  615  rm -rf /eos/user/s/ssaumya/www/WW/Unblinding/Step3/Differential/Impacts/njets/*_page1.pdf
  616  rm -rf /eos/user/s/ssaumya/www/WW/Unblinding/Step3/Differential/Impacts/mll/*_page1.pdf
  617  rm -rf /eos/user/s/ssaumya/www/WW/Unblinding/Step3/Differential/Impacts/ptWW/*_page1.pdf
  618  rm -rf /eos/user/s/ssaumya/www/WW/Unblinding/Step3/Differential/Impacts/ptll/*_page1.pdf
  619  rm -rf /eos/user/s/ssaumya/www/WW/Unblinding/Step3/Differential/Impacts/subleadinglepPT/*_page1.pdf
  620  pwd
  621  exit
  622  cd /afs/cern.ch/work/s/ssaumya/private/Projects/WW_Analysis_Work/CMSSW_10_6_39/src/PlotsConfigurations/Configurations/WW/FullRunII/Tools/preFit_postFit_Plots/mll
  623  ls
  624  pwd
  625  cd /afs/cern.ch/work/s/ssaumya/private/Projects/HiggsCombine/CMSSW_14_1_0_pre4/src/HiggsAnalysis/CombinedLimit/macros/Datacards_6Dec2025/differential_DF/ptWW/Impacts_Expected/
  626  ls
  627  vi doFit_ptWW_Expected.sh 
  628  bash doFit_ptWW_Expected.sh 
  629  cmsenv
  630  bash doFit_ptWW_Expected.sh 
  631  vi doFit_ptWW_Expected.sh 
  632  bash doFit_ptWW_Expected.sh 
  633  pwd
  634  cd /afs/cern.ch/work/s/ssaumya/private/Projects/HiggsCombine/CMSSW_14_1_0_pre4/src/HiggsAnalysis/CombinedLimit/macros/Datacards_6Dec2025/differential_DF/jetpt0/Impacts_Expected
  635  ls *.pdf 
  636  vi doFit_jetpt0_Expected.sh 
  637  bash doFit_jetpt0_Expected.sh 
  638  vi doFit_jetpt0_Expected.sh 
  639  bash doFit_jetpt0_Expected.sh 
  640  pwd
  641  cd /afs/cern.ch/work/s/ssaumya/private/Projects/HiggsCombine/CMSSW_14_1_0_pre4/src/HiggsAnalysis/CombinedLimit/macros/Datacards_6Dec2025/differential_DF/jetpt1/Impacts_Expected
  642  ls *.pdf
  643  pwd
  644  cd /afs/cern.ch/work/s/ssaumya/private/Projects/HiggsCombine/CMSSW_14_1_0_pre4/src/HiggsAnalysis/CombinedLimit/macros/Datacards_6Dec2025/differential_DF/mjj/Impacts_Expected
  645  ls *.pdf
  646  vi doFit_mjj_Expected.sh 
  647  bash doFit_mjj_Expected.sh 
  648  pwd
  649  vi doFit_mjj_Expected.sh 
  650  bash doFit_mjj_Expected.sh 
  651  cd /afs/cern.ch/work/s/ssaumya/private/Projects/HiggsCombine/CMSSW_14_1_0_pre4/src/HiggsAnalysis/CombinedLimit/macros/Datacards_6Dec2025/differential_DF/mjj/Impacts_Observed
  652  ls *.pdf
  653  pwd
  654  ls
  655  pwd
  656  cd /afs/cern.ch/work/s/ssaumya/private/Projects/HiggsCombine/CMSSW_14_1_0_pre4/src/HiggsAnalysis/CombinedLimit/macros/Datacards_6Dec2025/differential_DF/subleadinglepPT/Impacts_Observed
  657  ls
  658  ls *.pdf
  659  cd /afs/cern.ch/work/s/ssaumya/private/Projects/HiggsCombine/CMSSW_14_1_0_pre4/src/HiggsAnalysis/CombinedLimit/macros/Datacards_6Dec2025/differential_DF/subleadinglepPT/Impacts_Expected/
  660  ls *.pdf
  661  vi doFit_subleadinglepPT_Expected.sh 
  662  bash doFit_subleadinglepPT_Expected.sh 
  663  vi doFit_subleadinglepPT_Expected.sh 
  664  bash doFit_subleadinglepPT_Expected.sh 
  665  pwd
  666  cd /afs/cern.ch/work/s/ssaumya/private/Projects/HiggsCombine/CMSSW_14_1_0_pre4/src/HiggsAnalysis/CombinedLimit/macros/Datacards_6Dec2025/differential_DF/jetpt0/Impacts_Observed
  667  vi doFit_jetpt0_Observed.sh 
  668  cat Full2016_noHIPM_jetpt0_Observed.out
  669  vi doFit_jetpt0_Observed.sh 
  670  bash doFit_jetpt0_Observed.sh 
  671  ls *.out
  672  vi Full2016_noHIPM_jetpt0_Observed.out
  673  pwd
  674  condor_q
  675  pwd
  676  cd /afs/cern.ch/work/s/ssaumya/private/Projects/HiggsCombine/CMSSW_14_1_0_pre4/src/HiggsAnalysis/CombinedLimit/macros/Datacards_6Dec2025/differential_DF/ptWW/
  677  ls
  678  cd Impacts_Regularized_Observed
  679  ls
  680  vi combine_logger.out
  681  pwd
  682  cd /afs/cern.ch/work/s/ssaumya/private/Projects/HiggsCombine/CMSSW_14_1_0_pre4/src/HiggsAnalysis/CombinedLimit/macros/Datacards_6Dec2025/differential_DF/ptWW/Impacts_Observed
  683  ls
  684  ls *.out
  685  vi combine_task.8973459.0.out
  686  vi combine_task.8973461.0.out
  687  vi FullRunII_ptWW.reg.out
  688  cmsenv
  689  combine -M MultiDimFit --alcgo singles --setParameters r_0=1,r_1=1,r_2=1,r_3=1,r_4=1,r_5=1,r_6=1 -d FullRunII_ptWW.reg.root --saveFitResult --X-rtd MINIMIZER_analytic --robustFit 1 -n WW_FullRunII_ptWW_v1 | tee log_Fit_WW_FullRunII_ptWW_v1.out
  690  ls FullRunII_ptWW*.root
  691  ls FullRunII_*.root
  692  ls FullRunII_*
  693  ls *.root
  694  ls ../*.root
  695  cd ..
  696  ls
  697  combine -M MultiDimFit --algo singles --setParameters r_0=1,r_1=1,r_2=1,r_3=1,r_4=1,r_5=1,r_6=1 -d FullRunII_ptWW.reg.root --saveFitResult --X-rtd MINIMIZER_analytic --robustFit 1 -n WW_FullRunII_ptWW_v1 | tee log_Fit_WW_FullRunII_ptWW_v1.out
  698  vi log_Fit_WW_FullRunII_ptWW_v1.out
  699  ulimit -s unlimited
  700  combine -M MultiDimFit --algo singles --setParameters r_0=1,r_1=1,r_2=1,r_3=1,r_4=1,r_5=1,r_6=1 -d FullRunII_ptWW.reg.root --saveFitResult --X-rtd MINIMIZER_analytic --robustFit 1 -n WW_FullRunII_ptWW_v1 | tee log_Fit_WW_FullRunII_ptWW_v1.out
  701  pwd
  702  exit
  703  cmsenv
  704  bash makePostFitPlots_LeadingLeptonPT.sh 
  705  vi plot_2016_HIPM.py 
  706  bash makePostFitPlots_LeadingLeptonPT.sh 
  707  vi plot_2016_HIPM.py 
  708  vi makePostFitPlots_LeadingLeptonPT.sh 
  709  bash makePostFitPlots_LeadingLeptonPT.sh 
  710  ls
  711  pwd
  712  ls plot_combined_FullRunII
  713  pwd
  714  ls
  715  rm -rf plot_combined_2016_HIPM
  716  ls
  717  vi makePostFitPlots_LeadingLeptonPT.sh 
  718  bash makePostFitPlots_LeadingLeptonPT.sh 
  719  vi plot_2016_HIPM.py 
  720  vi makePostFitPlots_LeadingLeptonPT.sh 
  721  bash makePostFitPlots_LeadingLeptonPT.sh 
  722  vi plot_2016_HIPM.py 
  723  bash makePostFitPlots_LeadingLeptonPT.sh 
  724  vi plot_2016_noHIPM.py 
  725  vi makePostFitPlots_LeadingLeptonPT.sh 
  726  bash makePostFitPlots_LeadingLeptonPT.sh 
  727  ls /afs/cern.ch/work/s/ssaumya/private/Projects/HiggsCombine/CMSSW_14_1_0_pre4/src/HiggsAnalysis/CombinedLimit/macros/Datacards_6Dec2025/differential_DF/ptWW/Impacts_Observed/*.out
  728  cat /afs/cern.ch/work/s/ssaumya/private/Projects/HiggsCombine/CMSSW_14_1_0_pre4/src/HiggsAnalysis/CombinedLimit/macros/Datacards_6Dec2025/differential_DF/ptWW/Impacts_Observed/Full2016_HIPM_ptWW_Observed.out
  729  cat /afs/cern.ch/work/s/ssaumya/private/Projects/HiggsCombine/CMSSW_14_1_0_pre4/src/HiggsAnalysis/CombinedLimit/macros/Datacards_6Dec2025/differential_DF/ptWW/Impacts_Observed/Full2016_noHIPM_ptWW_Observed.out
  730  cat /afs/cern.ch/work/s/ssaumya/private/Projects/HiggsCombine/CMSSW_14_1_0_pre4/src/HiggsAnalysis/CombinedLimit/macros/Datacards_6Dec2025/differential_DF/ptWW/Impacts_Observed/Full2017_ptWW_Observed.out
  731  cat /afs/cern.ch/work/s/ssaumya/private/Projects/HiggsCombine/CMSSW_14_1_0_pre4/src/HiggsAnalysis/CombinedLimit/macros/Datacards_6Dec2025/differential_DF/ptWW/Impacts_Observed/Full2018_ptWW_Observed.out
  732  cat /afs/cern.ch/work/s/ssaumya/private/Projects/HiggsCombine/CMSSW_14_1_0_pre4/src/HiggsAnalysis/CombinedLimit/macros/Datacards_6Dec2025/differential_DF/ptWW/Impacts_Observed/FullRunII_ptWW_Observed.out
  733  cd /afs/cern.ch/work/s/ssaumya/private/Projects/HiggsCombine/CMSSW_14_1_0_pre4/src/HiggsAnalysis/CombinedLimit/macros/Datacards_6Dec2025/differential_DF/ptWW/
  734  ls
  735  exit
  736  cmsenv
  737  bash  makePostFitPlots.sh
  738  pwd
  739  ls
  740  vi configuration_combined_2016_HIPM.py
  741  cat configuration_combined_2016_HIPM.py
  742  ls ../../
  743  cat configuration_combined_2016_HIPM.py
  744  ls ../../Full2016_HIPM_v9/inclusive/variables.py
  745  ls ../../../Full2016_HIPM_v9/inclusive/variables.py
  746  vi configuration_combined_2016_HIPM.py
  747  vi configuration_combined_2016_noHIPM.py
  748  vi configuration_combined_2017.py
  749  vi configuration_combined_2018.py
  750  vi configuration_combined_FullRunII.py
  751  vi plot_2016_HIPM.py
  752  vi plot_2016_noHIPM.py
  753  vi plot_2017.py
  754  vi plot_2018.py
  755  vi plot_FullRunII.py
  756  ls
  757  ls *.sh
  758  vi makePostFitPlots.sh
  759  bash makePostFitPlots.sh
  760  pwd
  761  ls
  762  mkdir preFit_Plots
  763  mv plot_combined_* preFit_Plots/
  764  vi makePostFitPlots.sh
  765  bash makePostFitPlots.sh
  766  pwd
  767  ls
  768  mkdir postFit_Plots
  769  mv plot_combined_* postFit_Plots/
  770  ls
  771  pwd
  772  cd ..
  773  ls
  774  cd inclusive_SF/
  775  ls
  776  ls *.sh
  777  chmod +x doCombination_inclusive_SF.sh
  778  chmod +x makeDatacardsForPostFitPlots.sh
  779  vi makeDatacardsForPostFitPlots.sh
  780  bash makeDatacardsForPostFitPlots.sh
  781  vi doCombination_inclusive_SF.sh
  782  ls
  783  vi makeDatacardsForPostFitPlots.sh
  784  bash makeDatacardsForPostFitPlots.sh
  785  pwd
  786  exit
  787  cd /afs/cern.ch/work/s/ssaumya/private/Projects/WW_Analysis_Work/CMSSW_10_6_39/src/PlotsConfigurations/Configurations/WW/FullRunII/Tools/preFit_postFit_Plots/inclusive
  788  ls
  789  chmod +x makeDatacardsForPostFitPlots.sh
  790  vi makeDatacardsForPostFitPlots.sh
  791  bash makeDatacardsForPostFitPlots.sh
  792  ls
  793  vi makePostFitPlots.sh
  794  ls
  795  pwd
  796  ls *.sh
  797  chmod +x  makePostFitPlots.sh
  798  pwd
  799  bash /afs/cern.ch/work/s/ssaumya/private/Projects/WW_Analysis_Work/CMSSW_10_6_39/src/start_el7.sh 
  800  exit
  801  exitpwd
  802  exit
  803  pwd
  804  exit
  805  cd /afs/cern.ch/work/s/ssaumya/private/Projects/HiggsCombine/CMSSW_14_1_0_pre4/src/HiggsAnalysis/CombinedLimit/macros/Datacards_6Dec2025/
  806  ls
  807  cd incluisve_
  808  cd incluisve_DF/
  809  ls
  810  ls *.out
  811  cat Full2016_HIPM_incl_DF_0j_Observed.out
  812  cat Full2016_HIPM_incl_DF_1j_Observed.out
  813  cat Full2016_HIPM_incl_DF_2j_Observed.out
  814  cat Full2016_HIPM_incl_DF_0j1j_Observed.out
  815  cat Full2016_HIPM_incl_DF_0j1j2j_Observed.out
  816  cat Full2016_noHIPM_incl_DF_0j_Observed.out
  817  cat Full2016_noHIPM_incl_DF_1j_Observed.out
  818  cat Full2016_noHIPM_incl_DF_2j_Observed.out
  819  cat Full2016_noHIPM_incl_DF_0j1j_Observed.out
  820  cat Full2016_noHIPM_incl_DF_0j1j2j_Observed.out
  821  cat Full2017_incl_DF_0j_Observed.out
  822  cat Full2017_incl_DF_1j_Observed.out
  823  cat Full2017_incl_DF_2j_Observed.out
  824  cat Full2017_incl_DF_0j1j_Observed.out
  825  cat Full2017_incl_DF_0j1j2j_Observed.out
  826  cat Full2018_incl_DF_0j_Observed.out
  827  cat Full2018_incl_DF_1j_Observed.out
  828  cat Full2018_incl_DF_2j_Observed.out
  829  cat Full2018_incl_DF_0j1j_Observed.out
  830  cat Full2018_incl_DF_0j1j2j_Observed.out
  831  cat FullRunII_incl_DF_0j1j2j_Observed.out
  832  cat FullRunII_incl_DF_0j1j_Observed.out
  833  cat FullRunII_incl_DF_2j_Observed.out
  834  cat FullRunII_incl_DF_1j_Observed.out
  835  cat FullRunII_incl_DF_0j_Observed.out
  836  pwd
  837  cd ..
  838  ls
  839  cd incluisve_SF
  840  ls
  841  ls ../../
  842  ls ../../v
  843  ls ../../Datacards_ptWW_GEN_Reweighting_24thNov/
  844  ls ../../Datacards_ptWW_GEN_Reweighting_24thNov/inclusive_SF
  845  ls ../../Datacards_ptWW_GEN_Reweighting_24thNov/inclusive_SF/*.sh
  846  cp ../../Datacards_ptWW_GEN_Reweighting_24thNov/inclusive_SF/*.sh .
  847  ls
  848  vi doCombination_inclusive_SF.sh
  849  bash doCombination_inclusive_SF.sh
  850  pwd
  851  ls
  852  cmsenv
  853  bash doCombination_inclusive_SF.sh
  854  ls
  855  ls *.sh
  856  vi doFit_SF_Expected.sh
  857  bash doFit_SF_Expected.sh
  858  ls *.out
  859  cat Full2016_HIPM_incl_SF_0j_Expected.out
  860  cat Full2016_HIPM_incl_SF_1j_Expected.out
  861  cat Full2016_HIPM_incl_SF_2j_Expected.out
  862  ls *.out
  863  vi doFit_SF_Observed.sh
  864  bash doFit_SF_Observed.sh
  865  ls
  866  ls *.out
  867  cat Full2016_HIPM_incl_SF_0j_Observed.out
  868  cat Full2016_noHIPM_incl_SF_0j_Observed.out
  869  cat Full2017_incl_SF_0j_Observed.out
  870  cat Full2018_incl_SF_0j_Observed.out
  871  cat FullRunII_incl_SF_0j_Observed.out
  872  cat Full2016_HIPM_incl_SF_1j_Observed.out
  873  cat Full2016_noHIPM_incl_SF_1j_Observed.out
  874  cat Full2017_incl_SF_1j_Observed.out
  875  cat Full2018_incl_SF_1j_Observed.out
  876  cat FullRunII_incl_SF_1j_Observed.out
  877  cat Full2016_HIPM_incl_SF_2j_Observed.out
  878  cat Full2016_noHIPM_incl_SF_2j_Observed.out
  879  cat Full2017_incl_SF_2j_Observed.out
  880  cat Full2018_incl_SF_2j_Observed.out
  881  cat FullRunII_incl_SF_2j_Observed.out
  882  cat FullRunII_incl_SF_0j1j_Observed.out
  883  cat Full2016_HIPM_incl_SF_0j1j_Observed.out
  884  cat Full2016_noHIPM_incl_SF_0j1j_Observed.out
  885  cat Full2017_incl_SF_0j1j_Observed.out
  886  cat Full2018_incl_SF_0j1j_Observed.out
  887  cat FullRunII_incl_SF_0j1j_Observed.out
  888  cat FullRunII_incl_SF_0j1j2j_Observed.out
  889  cat Full2016_HIPM_incl_SF_0j1j2j_Observed.out
  890  cat Full2016_noHIPM_incl_SF_0j1j2j_Observed.out
  891  cat Full2017_incl_SF_0j1j2j_Observed.out
  892  cat Full2018_incl_SF_0j1j2j_Observed.out
  893  cat FullRunII_incl_SF_0j1j2j_Observed.out
  894  ls *.sh
  895  vi doFit_SF_Observed.sh
  896  pwd
  897  ls
  898  ls *.sh
  899  vi doFit_SF_Expected.sh
  900  cat Full2018_incl_SF_2j_Observed.out
  901  pwd
  902  exit
  903  ls /afs/cern.ch/work/s/ssaumya/private/Projects/WW_Analysis_Work/CMSSW_10_6_39/src/PlotsConfigurations/Configurations/WW/FullRunII/Full2016_HIPM_v9/inclusive_sf/datacards
  904  ls /afs/cern.ch/work/s/ssaumya/private/Projects/WW_Analysis_Work/CMSSW_10_6_39/src/PlotsConfigurations/Configurations/WW/FullRunII/Full2016_HIPM_v9/inclusive_SF/datacards
  905  cd /afs/cern.ch/work/s/ssaumya/private/Projects/HiggsCombine/CMSSW_14_1_0_pre4/src/HiggsAnalysis/CombinedLimit/macros/Datacards_6Dec2025/incluisve_SF_DF
  906  ls
  907  ls ../../
  908  ls ../../Datacards_ptWW_GEN_Reweighting_24thNov
  909  ls ../../Datacards_ptWW_GEN_Reweighting_24thNov/inclusive_SF_DF/*.sh
  910  cp ../../Datacards_ptWW_GEN_Reweighting_24thNov/inclusive_SF_DF/*.sh .
  911  ls *.sh
  912  vi doCombination_inclusive_SF_DF.sh
  913  ls
  914  pwd
  915  vi doCombination_inclusive_SF_DF.sh
  916  bash doCombination_inclusive_SF_DF.sh
  917  cmsenv
  918  bash doCombination_inclusive_SF_DF.sh
  919  pwd
  920  ls
  921  vi doFit_Observed.sh
  922  bash doFit_Observed.sh
  923  pwd
  924  ls
  925  pwd
  926  ls
  927  ls /afs/cern.ch/work/s/ssaumya/private/Projects/WW_Analysis_Work/CMSSW_10_6_39/src/PlotsConfigurations/Configurations/WW/FullRunII/Full2018_v9/inclusive_SF/nuisances.py 
  928  vi /afs/cern.ch/work/s/ssaumya/private/Projects/WW_Analysis_Work/CMSSW_10_6_39/src/PlotsConfigurations/Configurations/WW/FullRunII/Full2018_v9/inclusive_SF/nuisances.py 
  929  pwd
  930  bash doFit_Expected.sh
  931  ulimit -s unlimited 
  932  combine -M MultiDimFit             --algo singles             -d FullRunII_incl_SF_DF_0j1j2j.root             --rMin=-10 --rMax=10             --setParameterRanges CMS_SMP24008_Topnorm_2016HIPM_0j=-5,5:CMS_SMP24008_Topnorm_2016HIPM_1j=-5,5:CMS_SMP24008_Topnorm_2016HIPM_2j=-5,5:CMS_SMP24008_Topnorm_2016noHIPM_0j=-5,5:CMS_SMP24008_Topnorm_2016noHIPM_1j=-5,5:CMS_SMP24008_Topnorm_2016noHIPM_2j=-5,5:CMS_SMP24008_Topnorm_2017_0j=-5,5:CMS_SMP24008_Topnorm_2017_1j=-5,5:CMS_SMP24008_Topnorm_2017_2j=-5,5:CMS_SMP24008_Topnorm_2018_0j=-5,5:CMS_SMP24008_Topnorm_2018_1j=-5,5:CMS_SMP24008_Topnorm_2018_2j=-5,5             --expectSignal=1 -m 125 -t -1                     --saveFitResult             -n WW_incl_SF_DF_RunII_0j1j2j_Expected | tee FullRunII_incl_SF_DF_0j1j2j_Expected.out
  933  ls *.out
  934  combine -M MultiDimFit             --algo singles             -d FullRunII_incl_SF_DF_0j1j2j.root             --rMin=-10 --rMax=10             --setParameterRanges CMS_SMP24008_Topnorm_2016HIPM_0j=-5,5:CMS_SMP24008_Topnorm_2016HIPM_1j=-5,5:CMS_SMP24008_Topnorm_2016HIPM_2j=-5,5:CMS_SMP24008_Topnorm_2016noHIPM_0j=-5,5:CMS_SMP24008_Topnorm_2016noHIPM_1j=-5,5:CMS_SMP24008_Topnorm_2016noHIPM_2j=-5,5:CMS_SMP24008_Topnorm_2017_0j=-5,5:CMS_SMP24008_Topnorm_2017_1j=-5,5:CMS_SMP24008_Topnorm_2017_2j=-5,5:CMS_SMP24008_Topnorm_2018_0j=-5,5:CMS_SMP24008_Topnorm_2018_1j=-5,5:CMS_SMP24008_Topnorm_2018_2j=-5,5             --expectSignal=1 -m 125                    --saveFitResult             -n WW_incl_SF_DF_RunII_0j1j2j_Observed | tee FullRunII_incl_SF_DF_0j1j2j_Observed.out
  935  pwd
  936  exit
  937  ls /afs/cern.ch/work/s/ssaumya/private/Projects/HiggsCombine/CMSSW_14_1_0_pre4/src/HiggsAnalysis/CombinedLimit/macros/Datacards_6Dec2025/incluisve_SF
  938  ls /afs/cern.ch/work/s/ssaumya/private/Projects/HiggsCombine/CMSSW_14_1_0_pre4/src/HiggsAnalysis/CombinedLimit/macros/Datacards_6Dec2025/incluisve_SF/*.sh
  939  cat /afs/cern.ch/work/s/ssaumya/private/Projects/HiggsCombine/CMSSW_14_1_0_pre4/src/HiggsAnalysis/CombinedLimit/macros/Datacards_6Dec2025/incluisve_SF/doCombination_inclusive_SF.sh 
  940  pwd
  941  exit
  942  cmsenv
  943  pwd
  944  ls
  945  mkShapesMulti.py --pycfg=configuration.py --doBatch=1 --batchSplit=Samples,Files --batchQueue=tomorrow
  946  condor_q
  947  pwd
  948  exit
  949  pwd
  950  ls
  951  cd /afs/cern.ch/work/s/ssaumya
  952  ls
  953  cd private/
  954  ls
  955  cd Projects/
  956  ls
  957  cd WW_
  958  cd WW_Analysis_Work/
  959  ls
  960  cd CMSSW_10_6_39/src
  961  ls
  962  ls Saumya_Jobs/
  963  ls Saumya_Jobs/jobs/
  964  cd PlotsConfigurations/Configurations/
  965  ls
  966  cd WW/
  967  ls
  968  cd FullRunII/
  969  ls
  970  cd Full2017_v9/
  971  ls
  972  cd leadinglepPT/
  973  ls
  974  ls rootFile_Backup/
  975  pwd
  976  ls
  977  vimdiff ../subleadinglepPT/aliases.py aliases.py 
  978  vimdiff ../subleadinglepPT/configuration.py configuration.py 
  979  vimdiff ../subleadinglepPT/cuts.py cuts.py 
  980  vimdiff ../subleadinglepPT/nuisances.py nuisances.py 
  981  vimdiff ../subleadinglepPT/plot_combined_plots.py plot_combined_plots.py 
  982  vimdiff ../subleadinglepPT/plot.py plot.py 
  983  vimdiff ../subleadinglepPT/samples.py samples.py 
  984  vimdiff ../subleadinglepPT/samples_split.py samples_split.py 
  985  vimdiff ../subleadinglepPT/structure.py structure.py 
  986  vimdiff ../subleadinglepPT/variables_combined_plots.py 
  987  vimdiff ../subleadinglepPT/variables_combined_plots.py variables_combined_plots.py 
  988  vimdiff ../subleadinglepPT/variables.py variables.py 
  989  pwd
  990  ls
  991  pwd
  992  ls
  993  bash /afs/cern.ch/work/s/ssaumya/private/Projects/WW_Analysis_Work/CMSSW_10_6_39/src/start_el7.sh 
  994  exit
  995  condor_q
  996  pwd
  997  exit
  998  cmsenv
  999  pwd
 1000  cd /afs/cern.ch/work/s/ssaumya/private/Egamma/PMS2_FineTuning/CMSSW_16_0_0_pre3/src
 1001  ld
 1002  ls
 1003  cmsenv
 1004  git cms-addpkg HLTrigger/Configuration
 1005  ls /eos/cms/store/group/phys_egamma/ssaumya/
 1006  ls /eos/cms/store/group/phys_egamma/ssaumya/PixelMatching_Reoptimization/
 1007  du -sh /eos/cms/store/group/phys_egamma/ssaumya/PixelMatching_Reoptimization/
 1008  ls
 1009  rm -rf hlt_baseline_config.py 
 1010  git cms-addpkg HLTrigger/Configuration
 1011  git cms-merge-topic Sam-Harper:EGHLTCustomisation_1230pre6
 1012  scram b -j 10
 1013  pwd
 1014  ls
 1015  git clone git@github.com:saumyaphor4252/HLTAnalyserPy.git Analysis/HLTAnalyserPy
 1016  ls
 1017  scram build -j 8
 1018  rm -rf Analysis/HLTAnalyserPy/RateFuncs.cc
 1019  scram build -j 8
 1020  ls Analysis/HLTAnalyserPy/
 1021  ls Analysis/HLTAnalyserPy/interface/
 1022  ls Analysis/HLTAnalyserPy/src/
 1023  rm -rf Analysis/HLTAnalyserPy/src/RateFuncs.cc 
 1024  scram build -j 8
 1025  ls Analysis/HLTAnalyserPy/interface/
 1026  rm -rf Analysis/HLTAnalyserPy/interface/RateFuncs.h 
 1027  ls Analysis/HLTAnalyserPy/
 1028  ls Analysis/HLTAnalyserPy/test/
 1029  scram build -j 8
 1030  vi Analysis/HLTAnalyserPy/src/classes.h
 1031  scram build -j 8
 1032  vi Analysis/HLTAnalyserPy/src/classes.h
 1033  scram build -j 8
 1034  ls
 1035  rm -rf Analysis
 1036  scram b -j 10
 1037  ls
 1038  git clone git@github.com:saumyaphor4252/HLTAnalyserPy.git Analysis/HLTAnalyserPy
 1039  scram build -j 8
 1040  ls
 1041  rm -rf Analysis/
 1042  git cms-addpkg RecoEgamma/EgammaHLTProducers
 1043  ls
 1044  git status .
 1045  scram b -j 10
 1046  ls
 1047  git clone git@github.com:saumyaphor4252/HLTAnalyserPy.git Analysis/HLTAnalyserPy
 1048  scram build -j 8
 1049  rm -rf  Analysis/HLTAnalyserPy
 1050  scram build -j 8
 1051  git clone git@github.com:saumyaphor4252/HLTAnalyserPy.git Analysis/HLTAnalyserPy
 1052  ls
 1053  ls Analysis/
 1054  ls Analysis/HLTAnalyserPy/
 1055  ls Analysis/HLTAnalyserPy/interface/
 1056  rm -rf Analysis/HLTAnalyserPy/interface/RateFuncs.h 
 1057  ls Analysis/HLTAnalyserPy/src/
 1058  rm -rf Analysis/HLTAnalyserPy/src/RateFuncs.cc 
 1059  vi Analysis/HLTAnalyserPy/src/classes.h 
 1060  ls
 1061  ls Analysis/HLTAnalyserPy/src/
 1062  ls Analysis/HLTAnalyserPy/
 1063  ls Analysis/HLTAnalyserPy/interface/
 1064  scram b -j 10
 1065  ls
 1066  ls Analysis/
 1067  ls Analysis/HLTAnalyserPy/
 1068  ls Analysis/HLTAnalyserPy/BuildFile.xml 
 1069  vi Analysis/HLTAnalyserPy/BuildFile.xml 
 1070  ls Analysis/HLTAnalyserPy/interface/
 1071  ls Analysis/HLTAnalyserPy/src/
 1072  ls Analysis/HLTAnalyserPy/src/classes_def.xml 
 1073  vi Analysis/HLTAnalyserPy/src/classes_def.xml 
 1074  scram b -j 10
 1075  ls
 1076  hltGetConfiguration /dev/CMSSW_16_0_0/GRun/V5 --path HLTriggerFirstPath,HLT_Ele30_WPTight_Gsf_v*,HLT_Ele32_WPTight_Gsf_v*,HLT_Ele115_CaloIdVT_GsfTrkIdT_v*,HLT_Ele135_CaloIdVT_GsfTrkIdT_v*,HLT_Ele23_Ele12_CaloIdL_TrackIdL_IsoVL_v*,HLT_DoubleEle33_CaloIdL_MW_v*,HLTriggerFinalPath --output minimal --data --process MYHLT --type GRun --globaltag 150X_dataRun3_HLT_v1 --max-events 10 --unprescale --eras Run3_2025 --input file:/eos/cms/store/data/Run2025G/EGamma0/RAW/v1/000/398/859/00000/1fc4f40f-35f0-44af-8fa2-168133f5e0d0.root --customise HLTrigger/Configuration/customizeHLTforEGamma.customiseEGammaMenuDev,HLTrigger/Configuration/customizeHLTforEGamma.customiseEGammaInputContent > hlt.py
 1077  pwd
 1078  hltGetConfiguration /dev/CMSSW_16_0_0/GRun/V5 --output minimal --data --process MYHLT --type GRun --globaltag 150X_dataRun3_HLT_v1 --max-events 10 --unprescale --eras Run3_2025 --input file:/eos/cms/store/data/Run2025G/EGamma0/RAW/v1/000/398/859/00000/1fc4f40f-35f0-44af-8fa2-168133f5e0d0.root --customise HLTrigger/Configuration/customizeHLTforEGamma.customiseEGammaMenuDev,HLTrigger/Configuration/customizeHLTforEGamma.customiseEGammaInputContent > hlt_Test2.py
 1079  vi hlt.py 
 1080  cmsRun hlt.py 
 1081  ls
 1082  du -sh output.root 
 1083  pwd
 1084  edmDumpEventContent output.root > EventContent_Customization.out
 1085  vi EventContent_Customization.out
 1086  vi hlt.py 
 1087  ls
 1088  cmsRun hlt.py 
 1089  ls
 1090  mkdir EGamma
 1091  cd EGamma/
 1092  ls
 1093  cp ../hlt.py .
 1094  vi hlt.py 
 1095  cmsRun hlt.py 
 1096  ls
 1097  edmDumpEventContent output.root > EventContent.out
 1098  vi EventContent.out 
 1099  ls
 1100  cp ../makeNTuples_Run3.py .
 1101  ls
 1102  python3 makeNTuples_Run3.py output.root -o Test.root
 1103  vimdiff /afs/cern.ch/work/s/ssaumya/private/Egamma/PMS2_FineTuning/CMSSW_16_0_0_pre3/src/EGamma/makeNTuples_Run3.py /afs/cern.ch/work/s/ssaumya/private/Egamma/PMS2_FineTuning/CMSSW_15_0_11/src/EGamma/makeNTuples_Run3.py
 1104  python makeNTuples_Run3.py output.root -o Test.root
 1105  cmsenv
 1106  python3 makeNTuples_Run3.py output.root -o Test.root
 1107  ls /afs/cern.ch/work/s/ssaumya/private/Egamma/PMS2_FineTuning/CMSSW_16_0_0_pre3/src/EGamma/makeNTuples_Run3.py
 1108  ls /afs/cern.ch/work/s/ssaumya/private/Egamma/PMS2_FineTuning/CMSSW_15_0_11/src/EGamma/makeNTuples_Run3.py
 1109* ls /afs/cern.ch/work/s/ssaumya/private/Egamma/PMS2_FineTuning/CMSSW_15_0_11/src/EGamma/makeNTuples_Run3.py
 1110  vi /afs/cern.ch/work/s/ssaumya/private/Egamma/PMS2_FineTuning/CMSSW_16_0_0_pre3/src/EGamma/makeNTuples_Run3.py
 1111  vimdiff /afs/cern.ch/work/s/ssaumya/private/Egamma/PMS2_FineTuning/CMSSW_16_0_0_pre3/src/EGamma/makeNTuples_Run3.py /afs/cern.ch/work/s/ssaumya/private/Egamma/PMS2_FineTuning/CMSSW_15_0_11/src/makeNTuples_Run3.py
 1112  cd ..
 1113  ls
 1114  python3 makeNTuples_Run3.py output.root -o Test.root
 1115  vi makeNTuples_Run3.py 
 1116  python3 makeNTuples_Run3.py output.root -o Test.root
 1117  pwd
 1118  ls
 1119  vimdiff makeNTuples_Run3.py makeNTuples_Run3_Backup.py 
 1120  python3 makeNTuples_Run3_Backup.py output.root -o Test.root
 1121  pwd
 1122  ls
 1123  python3 plot_ntuple_variables.py Test.root -o plots
 1124  ls
 1125  cd EGamma/
 1126  ls
 1127  vi dasFileQuery.py
 1128  pwd
 1129  vi dasFileQuery.py 
 1130  python3 dasFileQuery.py 
 1131  ls
 1132  vi List_cff.py 
 1133  ls ../
 1134  vi List_cff.py 
 1135  cat List_cff.py 
 1136  vi List_cff.py 
 1137  vi dasFileQuery.py 
 1138  vi List_cff.py 
 1139  ls
 1140  rm -rf makeNTuples_Run3.py
 1141  ls
 1142  pwd
 1143  vi cmsCondor.py 
 1144  voms-proxy-init --valid 100:00
 1145  cp /tmp/x509up_u122184 /afs/cern.ch/user/s/ssaumya/private/x509up_u122184 
 1146  edmConfigDump hlt.py > hlt_configDump.py
 1147  pwd
 1148  ls /eos/cms/store/group/phys_egamma/ssaumya/
 1149  ls /eos/cms/store/group/phys_egamma/ssaumya/PixelMatching_Reoptimization/
 1150  mkdir /eos/cms/store/group/phys_egamma/ssaumya/PixelMatching_Reoptimization/28thJan
 1151  mkdir /eos/cms/store/group/phys_egamma/ssaumya/PixelMatching_Reoptimization/28thJan/HLT_Files
 1152  mkdir /eos/cms/store/group/phys_egamma/ssaumya/PixelMatching_Reoptimization/28thJan/HLT_Files/EGamma
 1153  python3 cmsCondor.py hlt_configDump.py /afs/cern.ch/work/s/ssaumya/private/Egamma/PMS2_FineTuning/CMSSW_16_0_0_pre3/src/EGamma/ /eos/cms/store/group/phys_egamma/ssaumya/PixelMatching_Reoptimization/28thJan/HLT_Files/EGamma  -n 5 -q tomorrow -p /afs/cern.ch/user/s/ssaumya/private/x509up_u122184 
 1154  ./sub_total.jobb 
 1155  pwd
 1156  ls
 1157  cd ..
 1158  ls
 1159  mkdir DY
 1160  mkdir QCD
 1161  mkdir TT
 1162  cd DY/
 1163  ls
 1164  ls ../EGamma/
 1165  vi ../EGamma/hlt.py 
 1166  condor_q
 1167  ls ../EGamma/
 1168  ls ../EGamma/dasFileQuery.py 
 1169  cp ../EGamma/dasFileQuery.py .
 1170  vi dasFileQuery.py 
 1171  ls /eos/cms/store/mc/
 1172  ls /eos/cms/store/mc/Run3Winter25
 1173  ls /eos/cms/store/mc/Run3Winter25*
 1174  ls /eos/cms/store/mc/Run3Winter25Digi/DYto2L-4Jets_Bin-MLL-50_TuneCP5_13p6TeV_madgraphMLM-pythia8/GEN-SIM-RAW/142X_mcRun3_2025_realistic_v7-v2/2810004/2e5206d6-d389-444d-97d8-75c9c034b8c0.root
 1175  ls /eos/cms/store/mc/Run3Winter25Digi/DYto2L-4Jets_Bin-MLL-50_TuneCP5_13p6TeV_madgraphMLM-pythia8/GEN-SIM-RAW/142X_mcRun3_2025_realistic_v7-v2/
 1176  ls /eos/cms/store/mc/Run3Winter25Digi/DYto2L-4Jets_Bin-MLL-50_TuneCP5_13p6TeV_madgraphMLM-pythia8/GEN-SIM-RAW/142X_mcRun3_2025_realistic_v7-v2/110000/
 1177  ls /eos/cms/store/mc/Run3Winter25Digi/DYto2L-4Jets_Bin-MLL-50_TuneCP5_13p6TeV_madgraphMLM-pythia8/GEN-SIM-RAW/142X_mcRun3_2025_realistic_v7-v2/1100001
 1178  ls /eos/cms/store/mc/Run3Winter25Digi/DYto2L-4Jets_Bin-MLL-50_TuneCP5_13p6TeV_madgraphMLM-pythia8/GEN-SIM-RAW/142X_mcRun3_2025_realistic_v7-v2/110001
 1179  ls /eos/cms/store/mc/Run3Winter25Digi/DYto2L-4Jets_Bin-MLL-50_TuneCP5_13p6TeV_madgraphMLM-pythia8/GEN-SIM-RAW/142X_mcRun3_2025_realistic_v7-v2/110002
 1180  ls /eos/cms/store/mc/Run3Winter25Digi/DYto2L-4Jets_Bin-MLL-50_TuneCP5_13p6TeV_madgraphMLM-pythia8/GEN-SIM-RAW/142X_mcRun3_2025_realistic_v7-v2/130000
 1181  ls /eos/cms/store/mc/Run3Winter25Digi/DYto2L-4Jets_Bin-MLL-50_TuneCP5_13p6TeV_madgraphMLM-pythia8/GEN-SIM-RAW/142X_mcRun3_2025_realistic_v7-v2/130001
 1182  ls /eos/cms/store/mc/Run3Winter25Digi/DYto2L-4Jets_Bin-MLL-50_TuneCP5_13p6TeV_madgraphMLM-pythia8/GEN-SIM-RAW/142X_mcRun3_2025_realistic_v7-v2/130002
 1183  ls /eos/cms/store/mc/Run3Winter25Digi/DYto2L-4Jets_Bin-MLL-50_TuneCP5_13p6TeV_madgraphMLM-pythia8/GEN-SIM-RAW/142X_mcRun3_2025_realistic_v7-v2/130003
 1184  ls /eos/cms/store/mc/Run3Winter25Digi/DYto2L-4Jets_Bin-MLL-50_TuneCP5_13p6TeV_madgraphMLM-pythia8/GEN-SIM-RAW/142X_mcRun3_2025_realistic_v7-v2/130004
 1185  ls /eos/cms/store/mc/Run3Winter25Digi/DYto2L-4Jets_Bin-MLL-50_TuneCP5_13p6TeV_madgraphMLM-pythia8/GEN-SIM-RAW/142X_mcRun3_2025_realistic_v7-v2/130005
 1186  ls /eos/cms/store/mc/Run3Winter25Digi/DYto2L-4Jets_Bin-MLL-50_TuneCP5_13p6TeV_madgraphMLM-pythia8/GEN-SIM-RAW/142X_mcRun3_2025_realistic_v7-v2/130006
 1187  ls /eos/cms/store/mc/Run3Winter25Digi/DYto2L-4Jets_Bin-MLL-50_TuneCP5_13p6TeV_madgraphMLM-pythia8/GEN-SIM-RAW/142X_mcRun3_2025_realistic_v7-v2/130007
 1188  ls /eos/cms/store/mc/Run3Winter25Digi/DYto2L-4Jets_Bin-MLL-50_TuneCP5_13p6TeV_madgraphMLM-pythia8/GEN-SIM-RAW/142X_mcRun3_2025_realistic_v7-v2/130008
 1189  ls /eos/cms/store/mc/Run3Winter25Digi/DYto2L-4Jets_Bin-MLL-50_TuneCP5_13p6TeV_madgraphMLM-pythia8/GEN-SIM-RAW/142X_mcRun3_2025_realistic_v7-v2/130009
 1190  ls /eos/cms/store/mc/Run3Winter25Digi/DYto2L-4Jets_Bin-MLL-50_TuneCP5_13p6TeV_madgraphMLM-pythia8/GEN-SIM-RAW/142X_mcRun3_2025_realistic_v7-v2/140000
 1191  ls /eos/cms/store/mc/Run3Winter25Digi/DYto2L-4Jets_Bin-MLL-50_TuneCP5_13p6TeV_madgraphMLM-pythia8/GEN-SIM-RAW/142X_mcRun3_2025_realistic_v7-v2/140001
 1192  ls /eos/cms/store/mc/Run3Winter25Digi/DYto2L-4Jets_Bin-MLL-50_TuneCP5_13p6TeV_madgraphMLM-pythia8/GEN-SIM-RAW/142X_mcRun3_2025_realistic_v7-v2/140002
 1193  ls /eos/cms/store/mc/Run3Winter25Digi/DYto2L-4Jets_Bin-MLL-50_TuneCP5_13p6TeV_madgraphMLM-pythia8/GEN-SIM-RAW/142X_mcRun3_2025_realistic_v7-v2/140003
 1194  ls /eos/cms/store/mc/Run3Winter25Digi/DYto2L-4Jets_Bin-MLL-50_TuneCP5_13p6TeV_madgraphMLM-pythia8/GEN-SIM-RAW/142X_mcRun3_2025_realistic_v7-v2/140004
 1195  ls /eos/cms/store/mc/Run3Winter25Digi/DYto2L-4Jets_Bin-MLL-50_TuneCP5_13p6TeV_madgraphMLM-pythia8/GEN-SIM-RAW/142X_mcRun3_2025_realistic_v7-v2/140005
 1196  ls /eos/cms/store/mc/Run3Winter25Digi/DYto2L-4Jets_Bin-MLL-50_TuneCP5_13p6TeV_madgraphMLM-pythia8/GEN-SIM-RAW/142X_mcRun3_2025_realistic_v7-v2/140006
 1197  ls /eos/cms/store/mc/Run3Winter25Digi/DYto2L-4Jets_Bin-MLL-50_TuneCP5_13p6TeV_madgraphMLM-pythia8/GEN-SIM-RAW/142X_mcRun3_2025_realistic_v7-v2/2560000
 1198  ls /eos/cms/store/mc/Run3Winter25Digi/DYto2L-4Jets_Bin-MLL-50_TuneCP5_13p6TeV_madgraphMLM-pythia8/GEN-SIM-RAW/142X_mcRun3_2025_realistic_v7-v2/2560001
 1199  ls /eos/cms/store/mc/Run3Winter25Digi/DYto2L-4Jets_Bin-MLL-50_TuneCP5_13p6TeV_madgraphMLM-pythia8/GEN-SIM-RAW/142X_mcRun3_2025_realistic_v7-v2/2560002
 1200  ls /eos/cms/store/mc/Run3Winter25Digi/DYto2L-4Jets_Bin-MLL-50_TuneCP5_13p6TeV_madgraphMLM-pythia8/GEN-SIM-RAW/142X_mcRun3_2025_realistic_v7-v2/2560003
 1201  ls /eos/cms/store/mc/Run3Winter25Digi/DYto2L-4Jets_Bin-MLL-50_TuneCP5_13p6TeV_madgraphMLM-pythia8/GEN-SIM-RAW/142X_mcRun3_2025_realistic_v7-v2/2560004
 1202  ls /eos/cms/store/mc/Run3Winter25Digi/DYto2L-4Jets_Bin-MLL-50_TuneCP5_13p6TeV_madgraphMLM-pythia8/GEN-SIM-RAW/142X_mcRun3_2025_realistic_v7-v2/2560005
 1203  ls /eos/cms/store/mc/Run3Winter25Digi/DYto2L-4Jets_Bin-MLL-50_TuneCP5_13p6TeV_madgraphMLM-pythia8/GEN-SIM-RAW/142X_mcRun3_2025_realistic_v7-v2/2560006
 1204  ls /eos/cms/store/mc/Run3Winter25Digi/DYto2L-4Jets_Bin-MLL-50_TuneCP5_13p6TeV_madgraphMLM-pythia8/GEN-SIM-RAW/142X_mcRun3_2025_realistic_v7-v2/2560007
 1205  ls /eos/cms/store/mc/Run3Winter25Digi/DYto2L-4Jets_Bin-MLL-50_TuneCP5_13p6TeV_madgraphMLM-pythia8/GEN-SIM-RAW/142X_mcRun3_2025_realistic_v7-v2/2560008
 1206  ls /eos/cms/store/mc/Run3Winter25Digi/DYto2L-4Jets_Bin-MLL-50_TuneCP5_13p6TeV_madgraphMLM-pythia8/GEN-SIM-RAW/142X_mcRun3_2025_realistic_v7-v2/2560009
 1207  ls
 1208  ls /eos/cms/store/mc/Run3Winter25Digi/DYto2L-4Jets_Bin-MLL-50_TuneCP5_13p6TeV_madgraphMLM-pythia8/GEN-SIM-RAW/142X_mcRun3_2025_realistic_v7-v2/
 1209  ls /eos/cms/store/mc/Run3Winter25Digi/DYto2L-4Jets_Bin-MLL-50_TuneCP5_13p6TeV_madgraphMLM-pythia8/GEN-SIM-RAW/142X_mcRun3_2025_realistic_v7-v2/25600010
 1210  ls /eos/cms/store/mc/Run3Winter25Digi/DYto2L-4Jets_Bin-MLL-50_TuneCP5_13p6TeV_madgraphMLM-pythia8/GEN-SIM-RAW/142X_mcRun3_2025_realistic_v7-v2/2560010
 1211  ls /eos/cms/store/mc/Run3Winter25Digi/DYto2L-4Jets_Bin-MLL-50_TuneCP5_13p6TeV_madgraphMLM-pythia8/GEN-SIM-RAW/142X_mcRun3_2025_realistic_v7-v2/2560011
 1212  ls /eos/cms/store/mc/Run3Winter25Digi/DYto2L-4Jets_Bin-MLL-50_TuneCP5_13p6TeV_madgraphMLM-pythia8/GEN-SIM-RAW/142X_mcRun3_2025_realistic_v7-v2/2560012
 1213  ls /eos/cms/store/mc/Run3Winter25Digi/DYto2L-4Jets_Bin-MLL-50_TuneCP5_13p6TeV_madgraphMLM-pythia8/GEN-SIM-RAW/142X_mcRun3_2025_realistic_v7-v2/2560013
 1214  ls /eos/cms/store/mc/Run3Winter25Digi/DYto2L-4Jets_Bin-MLL-50_TuneCP5_13p6TeV_madgraphMLM-pythia8/GEN-SIM-RAW/142X_mcRun3_2025_realistic_v7-v2/2810000
 1215  ls /eos/cms/store/mc/Run3Winter25Digi/DYto2L-4Jets_Bin-MLL-50_TuneCP5_13p6TeV_madgraphMLM-pythia8/GEN-SIM-RAW/142X_mcRun3_2025_realistic_v7-v2/2810001
 1216  ls /eos/cms/store/mc/Run3Winter25Digi/DYto2L-4Jets_Bin-MLL-50_TuneCP5_13p6TeV_madgraphMLM-pythia8/GEN-SIM-RAW/142X_mcRun3_2025_realistic_v7-v2/2810002
 1217  ls /eos/cms/store/mc/Run3Winter25Digi/DYto2L-4Jets_Bin-MLL-50_TuneCP5_13p6TeV_madgraphMLM-pythia8/GEN-SIM-RAW/142X_mcRun3_2025_realistic_v7-v2/2810003
 1218  ls /eos/cms/store/mc/Run3Winter25Digi/DYto2L-4Jets_Bin-MLL-50_TuneCP5_13p6TeV_madgraphMLM-pythia8/GEN-SIM-RAW/142X_mcRun3_2025_realistic_v7-v2/2810004
 1219  ls /eos/cms/store/mc/Run3Winter25Digi/DYto2L-4Jets_Bin-MLL-50_TuneCP5_13p6TeV_madgraphMLM-pythia8/GEN-SIM-RAW/142X_mcRun3_2025_realistic_v7-v2/2810005
 1220  ls /eos/cms/store/mc/Run3Winter25Digi/DYto2L-4Jets_Bin-MLL-50_TuneCP5_13p6TeV_madgraphMLM-pythia8/GEN-SIM-RAW/142X_mcRun3_2025_realistic_v7-v2/2810004
 1221  ls /eos/cms/store/mc/Run3Winter25Digi/DYto2L-4Jets_Bin-MLL-50_TuneCP5_13p6TeV_madgraphMLM-pythia8/GEN-SIM-RAW/142X_mcRun3_2025_realistic_v7-v2/
 1222  ls /eos/cms/store/mc/Run3Winter25Digi/DYto2L-4Jets_Bin-MLL-50_TuneCP5_13p6TeV_madgraphMLM-pythia8/GEN-SIM-RAW/142X_mcRun3_2025_realistic_v7-v2/2810006
 1223  ls /eos/cms/store/mc/Run3Winter25Digi/DYto2L-4Jets_Bin-MLL-50_TuneCP5_13p6TeV_madgraphMLM-pythia8/GEN-SIM-RAW/142X_mcRun3_2025_realistic_v7-v2/2810007
 1224  ls /eos/cms/store/mc/Run3Winter25Digi/DYto2L-4Jets_Bin-MLL-50_TuneCP5_13p6TeV_madgraphMLM-pythia8/GEN-SIM-RAW/142X_mcRun3_2025_realistic_v7-v2/2810008
 1225  ls /eos/cms/store/mc/Run3Winter25Digi/DYto2L-4Jets_Bin-MLL-50_TuneCP5_13p6TeV_madgraphMLM-pythia8/GEN-SIM-RAW/142X_mcRun3_2025_realistic_v7-v2/2810009
 1226  ls /eos/cms/store/mc/Run3Winter25Digi/DYto2L-4Jets_Bin-MLL-50_TuneCP5_13p6TeV_madgraphMLM-pythia8/GEN-SIM-RAW/142X_mcRun3_2025_realistic_v7-v2/
 1227  ls
 1228  vi dasFileQuery.py 
 1229  python3 dasFileQuery.py 
 1230  vi List_cff.py 
 1231  ls
 1232  ls ../E
 1233  ls ../EGamma/
 1234  vi ../EGamma/cmsCondor.py 
 1235  condor_q
 1236  history 5000 > ../Commands.out
