Type                                  Module                      Label             Process   
----------------------------------------------------------------------------------------------
GlobalObjectMapRecord                 "hltGtStage2ObjectMap"      ""                "HLT"     
edm::TriggerResults                   "TriggerResults"            ""                "HLT"     
trigger::TriggerEvent                 "hltTriggerSummaryAOD"      ""                "HLT"     
BXVector<GlobalAlgBlk>                "hltGtStage2Digis"          ""                "MYHLT"   
BXVector<GlobalAlgBlk>                "hltGtStage2ObjectMap"      ""                "MYHLT"   
BXVector<GlobalExtBlk>                "hltGtStage2Digis"          ""                "MYHLT"   
BXVector<float>                       "hltGtStage2Digis"          "CICADAScore"     "MYHLT"   
BXVector<l1t::EGamma>                 "hltGtStage2Digis"          "EGamma"          "MYHLT"   
BXVector<l1t::EGamma>                 "hltGtStage2Digis"          "EGamma2"         "MYHLT"   
BXVector<l1t::EGamma>                 "hltGtStage2Digis"          "EGamma3"         "MYHLT"   
BXVector<l1t::EGamma>                 "hltGtStage2Digis"          "EGamma4"         "MYHLT"   
BXVector<l1t::EGamma>                 "hltGtStage2Digis"          "EGamma5"         "MYHLT"   
BXVector<l1t::EGamma>                 "hltGtStage2Digis"          "EGamma6"         "MYHLT"   
BXVector<l1t::EtSum>                  "hltGtStage2Digis"          "EtSum"           "MYHLT"   
BXVector<l1t::EtSum>                  "hltGtStage2Digis"          "EtSum2"          "MYHLT"   
BXVector<l1t::EtSum>                  "hltGtStage2Digis"          "EtSum3"          "MYHLT"   
BXVector<l1t::EtSum>                  "hltGtStage2Digis"          "EtSum4"          "MYHLT"   
BXVector<l1t::EtSum>                  "hltGtStage2Digis"          "EtSum5"          "MYHLT"   
BXVector<l1t::EtSum>                  "hltGtStage2Digis"          "EtSum6"          "MYHLT"   
BXVector<l1t::EtSum>                  "hltGtStage2Digis"          "EtSumZDC"        "MYHLT"   
BXVector<l1t::EtSum>                  "hltGtStage2Digis"          "EtSumZDC2"       "MYHLT"   
BXVector<l1t::EtSum>                  "hltGtStage2Digis"          "EtSumZDC3"       "MYHLT"   
BXVector<l1t::EtSum>                  "hltGtStage2Digis"          "EtSumZDC4"       "MYHLT"   
BXVector<l1t::EtSum>                  "hltGtStage2Digis"          "EtSumZDC5"       "MYHLT"   
BXVector<l1t::EtSum>                  "hltGtStage2Digis"          "EtSumZDC6"       "MYHLT"   
BXVector<l1t::Jet>                    "hltGtStage2Digis"          "Jet"             "MYHLT"   
BXVector<l1t::Jet>                    "hltGtStage2Digis"          "Jet2"            "MYHLT"   
BXVector<l1t::Jet>                    "hltGtStage2Digis"          "Jet3"            "MYHLT"   
BXVector<l1t::Jet>                    "hltGtStage2Digis"          "Jet4"            "MYHLT"   
BXVector<l1t::Jet>                    "hltGtStage2Digis"          "Jet5"            "MYHLT"   
BXVector<l1t::Jet>                    "hltGtStage2Digis"          "Jet6"            "MYHLT"   
BXVector<l1t::Muon>                   "hltGtStage2Digis"          "Muon"            "MYHLT"   
BXVector<l1t::Muon>                   "hltGtStage2Digis"          "Muon2"           "MYHLT"   
BXVector<l1t::Muon>                   "hltGtStage2Digis"          "Muon3"           "MYHLT"   
BXVector<l1t::Muon>                   "hltGtStage2Digis"          "Muon4"           "MYHLT"   
BXVector<l1t::Muon>                   "hltGtStage2Digis"          "Muon5"           "MYHLT"   
BXVector<l1t::Muon>                   "hltGtStage2Digis"          "Muon6"           "MYHLT"   
BXVector<l1t::MuonShower>             "hltGtStage2Digis"          "MuonShower"      "MYHLT"   
BXVector<l1t::MuonShower>             "hltGtStage2Digis"          "MuonShower2"     "MYHLT"   
BXVector<l1t::MuonShower>             "hltGtStage2Digis"          "MuonShower3"     "MYHLT"   
BXVector<l1t::MuonShower>             "hltGtStage2Digis"          "MuonShower4"     "MYHLT"   
BXVector<l1t::MuonShower>             "hltGtStage2Digis"          "MuonShower5"     "MYHLT"   
BXVector<l1t::MuonShower>             "hltGtStage2Digis"          "MuonShower6"     "MYHLT"   
BXVector<l1t::Tau>                    "hltGtStage2Digis"          "Tau"             "MYHLT"   
BXVector<l1t::Tau>                    "hltGtStage2Digis"          "Tau2"            "MYHLT"   
BXVector<l1t::Tau>                    "hltGtStage2Digis"          "Tau3"            "MYHLT"   
BXVector<l1t::Tau>                    "hltGtStage2Digis"          "Tau4"            "MYHLT"   
BXVector<l1t::Tau>                    "hltGtStage2Digis"          "Tau5"            "MYHLT"   
BXVector<l1t::Tau>                    "hltGtStage2Digis"          "Tau6"            "MYHLT"   
GlobalObjectMapRecord                 "hltGtStage2ObjectMap"      ""                "MYHLT"   
edm::AssociationMap<edm::OneToOne<vector<Trajectory>,vector<reco::GsfTrack>,unsigned short> >    "hltEgammaGsfTracks"        ""                "MYHLT"   
edm::AssociationMap<edm::OneToValue<vector<reco::RecoEcalCandidate>,float,unsigned int> >    "hltEgammaClusterShape"     ""                "MYHLT"   
edm::AssociationMap<edm::OneToValue<vector<reco::RecoEcalCandidate>,float,unsigned int> >    "hltEgammaClusterShapeUnseeded"   ""                "MYHLT"   
edm::AssociationMap<edm::OneToValue<vector<reco::RecoEcalCandidate>,float,unsigned int> >    "hltEgammaEcalPFClusterIso"   ""                "MYHLT"   
edm::AssociationMap<edm::OneToValue<vector<reco::RecoEcalCandidate>,float,unsigned int> >    "hltEgammaEcalPFClusterIsoDr0p2"   ""                "MYHLT"   
edm::AssociationMap<edm::OneToValue<vector<reco::RecoEcalCandidate>,float,unsigned int> >    "hltEgammaEleGsfTrackIso"   ""                "MYHLT"   
edm::AssociationMap<edm::OneToValue<vector<reco::RecoEcalCandidate>,float,unsigned int> >    "hltEgammaHcalPFClusterIso"   ""                "MYHLT"   
edm::AssociationMap<edm::OneToValue<vector<reco::RecoEcalCandidate>,float,unsigned int> >    "hltEgammaHoverE"           ""                "MYHLT"   
edm::AssociationMap<edm::OneToValue<vector<reco::RecoEcalCandidate>,float,unsigned int> >    "hltEgammaHoverEUnseeded"   ""                "MYHLT"   
edm::AssociationMap<edm::OneToValue<vector<reco::RecoEcalCandidate>,float,unsigned int> >    "hltEgammaGsfTrackVars"     "Chi2"            "MYHLT"   
edm::AssociationMap<edm::OneToValue<vector<reco::RecoEcalCandidate>,float,unsigned int> >    "hltEgammaGsfTrackVars"     "Deta"            "MYHLT"   
edm::AssociationMap<edm::OneToValue<vector<reco::RecoEcalCandidate>,float,unsigned int> >    "hltEgammaGsfTrackVars"     "DetaSeed"        "MYHLT"   
edm::AssociationMap<edm::OneToValue<vector<reco::RecoEcalCandidate>,float,unsigned int> >    "hltEgammaGsfTrackVars"     "Dphi"            "MYHLT"   
edm::AssociationMap<edm::OneToValue<vector<reco::RecoEcalCandidate>,float,unsigned int> >    "hltEgammaGsfTrackVars"     "MissingHits"     "MYHLT"   
edm::AssociationMap<edm::OneToValue<vector<reco::RecoEcalCandidate>,float,unsigned int> >    "hltEgammaGsfTrackVars"     "NLayerIT"        "MYHLT"   
edm::AssociationMap<edm::OneToValue<vector<reco::RecoEcalCandidate>,float,unsigned int> >    "hltEgammaGsfTrackVars"     "OneOESeedMinusOneOP"   "MYHLT"   
edm::AssociationMap<edm::OneToValue<vector<reco::RecoEcalCandidate>,float,unsigned int> >    "hltEgammaGsfTrackVars"     "OneOESuperMinusOneOP"   "MYHLT"   
edm::AssociationMap<edm::OneToValue<vector<reco::RecoEcalCandidate>,float,unsigned int> >    "hltEgammaGsfTrackVars"     "ValidHits"       "MYHLT"   
edm::AssociationMap<edm::OneToValue<vector<reco::RecoEcalCandidate>,float,unsigned int> >    "hltEgammaPixelMatchVars"   "dPhi1"           "MYHLT"   
edm::AssociationMap<edm::OneToValue<vector<reco::RecoEcalCandidate>,float,unsigned int> >    "hltEgammaPixelMatchVarsUnseeded"   "dPhi1"           "MYHLT"   
edm::AssociationMap<edm::OneToValue<vector<reco::RecoEcalCandidate>,float,unsigned int> >    "hltEgammaPixelMatchVars"   "dPhi1BestS2"     "MYHLT"   
edm::AssociationMap<edm::OneToValue<vector<reco::RecoEcalCandidate>,float,unsigned int> >    "hltEgammaPixelMatchVarsUnseeded"   "dPhi1BestS2"     "MYHLT"   
edm::AssociationMap<edm::OneToValue<vector<reco::RecoEcalCandidate>,float,unsigned int> >    "hltEgammaPixelMatchVars"   "dPhi1Info"       "MYHLT"   
edm::AssociationMap<edm::OneToValue<vector<reco::RecoEcalCandidate>,float,unsigned int> >    "hltEgammaPixelMatchVarsUnseeded"   "dPhi1Info"       "MYHLT"   
edm::AssociationMap<edm::OneToValue<vector<reco::RecoEcalCandidate>,float,unsigned int> >    "hltEgammaPixelMatchVars"   "dPhi2"           "MYHLT"   
edm::AssociationMap<edm::OneToValue<vector<reco::RecoEcalCandidate>,float,unsigned int> >    "hltEgammaPixelMatchVarsUnseeded"   "dPhi2"           "MYHLT"   
edm::AssociationMap<edm::OneToValue<vector<reco::RecoEcalCandidate>,float,unsigned int> >    "hltEgammaPixelMatchVars"   "dPhi2BestS2"     "MYHLT"   
edm::AssociationMap<edm::OneToValue<vector<reco::RecoEcalCandidate>,float,unsigned int> >    "hltEgammaPixelMatchVarsUnseeded"   "dPhi2BestS2"     "MYHLT"   
edm::AssociationMap<edm::OneToValue<vector<reco::RecoEcalCandidate>,float,unsigned int> >    "hltEgammaPixelMatchVars"   "dPhi2Info"       "MYHLT"   
edm::AssociationMap<edm::OneToValue<vector<reco::RecoEcalCandidate>,float,unsigned int> >    "hltEgammaPixelMatchVarsUnseeded"   "dPhi2Info"       "MYHLT"   
edm::AssociationMap<edm::OneToValue<vector<reco::RecoEcalCandidate>,float,unsigned int> >    "hltEgammaPixelMatchVars"   "dPhi3"           "MYHLT"   
edm::AssociationMap<edm::OneToValue<vector<reco::RecoEcalCandidate>,float,unsigned int> >    "hltEgammaPixelMatchVarsUnseeded"   "dPhi3"           "MYHLT"   
edm::AssociationMap<edm::OneToValue<vector<reco::RecoEcalCandidate>,float,unsigned int> >    "hltEgammaPixelMatchVars"   "dPhi3Info"       "MYHLT"   
edm::AssociationMap<edm::OneToValue<vector<reco::RecoEcalCandidate>,float,unsigned int> >    "hltEgammaPixelMatchVarsUnseeded"   "dPhi3Info"       "MYHLT"   
edm::AssociationMap<edm::OneToValue<vector<reco::RecoEcalCandidate>,float,unsigned int> >    "hltEgammaPixelMatchVars"   "dPhi4"           "MYHLT"   
edm::AssociationMap<edm::OneToValue<vector<reco::RecoEcalCandidate>,float,unsigned int> >    "hltEgammaPixelMatchVarsUnseeded"   "dPhi4"           "MYHLT"   
edm::AssociationMap<edm::OneToValue<vector<reco::RecoEcalCandidate>,float,unsigned int> >    "hltEgammaPixelMatchVars"   "dPhi4Info"       "MYHLT"   
edm::AssociationMap<edm::OneToValue<vector<reco::RecoEcalCandidate>,float,unsigned int> >    "hltEgammaPixelMatchVarsUnseeded"   "dPhi4Info"       "MYHLT"   
edm::AssociationMap<edm::OneToValue<vector<reco::RecoEcalCandidate>,float,unsigned int> >    "hltEgammaPixelMatchVars"   "dRZ1"            "MYHLT"   
edm::AssociationMap<edm::OneToValue<vector<reco::RecoEcalCandidate>,float,unsigned int> >    "hltEgammaPixelMatchVarsUnseeded"   "dRZ1"            "MYHLT"   
edm::AssociationMap<edm::OneToValue<vector<reco::RecoEcalCandidate>,float,unsigned int> >    "hltEgammaPixelMatchVars"   "dRZ1Info"        "MYHLT"   
edm::AssociationMap<edm::OneToValue<vector<reco::RecoEcalCandidate>,float,unsigned int> >    "hltEgammaPixelMatchVarsUnseeded"   "dRZ1Info"        "MYHLT"   
edm::AssociationMap<edm::OneToValue<vector<reco::RecoEcalCandidate>,float,unsigned int> >    "hltEgammaPixelMatchVars"   "dRZ2"            "MYHLT"   
edm::AssociationMap<edm::OneToValue<vector<reco::RecoEcalCandidate>,float,unsigned int> >    "hltEgammaPixelMatchVarsUnseeded"   "dRZ2"            "MYHLT"   
edm::AssociationMap<edm::OneToValue<vector<reco::RecoEcalCandidate>,float,unsigned int> >    "hltEgammaPixelMatchVars"   "dRZ2Info"        "MYHLT"   
edm::AssociationMap<edm::OneToValue<vector<reco::RecoEcalCandidate>,float,unsigned int> >    "hltEgammaPixelMatchVarsUnseeded"   "dRZ2Info"        "MYHLT"   
edm::AssociationMap<edm::OneToValue<vector<reco::RecoEcalCandidate>,float,unsigned int> >    "hltEgammaPixelMatchVars"   "dRZ3"            "MYHLT"   
edm::AssociationMap<edm::OneToValue<vector<reco::RecoEcalCandidate>,float,unsigned int> >    "hltEgammaPixelMatchVarsUnseeded"   "dRZ3"            "MYHLT"   
edm::AssociationMap<edm::OneToValue<vector<reco::RecoEcalCandidate>,float,unsigned int> >    "hltEgammaPixelMatchVars"   "dRZ3Info"        "MYHLT"   
edm::AssociationMap<edm::OneToValue<vector<reco::RecoEcalCandidate>,float,unsigned int> >    "hltEgammaPixelMatchVarsUnseeded"   "dRZ3Info"        "MYHLT"   
edm::AssociationMap<edm::OneToValue<vector<reco::RecoEcalCandidate>,float,unsigned int> >    "hltEgammaPixelMatchVars"   "dRZ4"            "MYHLT"   
edm::AssociationMap<edm::OneToValue<vector<reco::RecoEcalCandidate>,float,unsigned int> >    "hltEgammaPixelMatchVarsUnseeded"   "dRZ4"            "MYHLT"   
edm::AssociationMap<edm::OneToValue<vector<reco::RecoEcalCandidate>,float,unsigned int> >    "hltEgammaPixelMatchVars"   "dRZ4Info"        "MYHLT"   
edm::AssociationMap<edm::OneToValue<vector<reco::RecoEcalCandidate>,float,unsigned int> >    "hltEgammaPixelMatchVarsUnseeded"   "dRZ4Info"        "MYHLT"   
edm::AssociationMap<edm::OneToValue<vector<reco::RecoEcalCandidate>,float,unsigned int> >    "hltEgammaPixelMatchVars"   "dzBestS2"        "MYHLT"   
edm::AssociationMap<edm::OneToValue<vector<reco::RecoEcalCandidate>,float,unsigned int> >    "hltEgammaPixelMatchVarsUnseeded"   "dzBestS2"        "MYHLT"   
edm::AssociationMap<edm::OneToValue<vector<reco::RecoEcalCandidate>,float,unsigned int> >    "hltEgammaClusterShape"     "e2x2"            "MYHLT"   
edm::AssociationMap<edm::OneToValue<vector<reco::RecoEcalCandidate>,float,unsigned int> >    "hltEgammaClusterShapeUnseeded"   "e2x2"            "MYHLT"   
edm::AssociationMap<edm::OneToValue<vector<reco::RecoEcalCandidate>,float,unsigned int> >    "hltEgammaPixelMatchVars"   "etaWidth"        "MYHLT"   
edm::AssociationMap<edm::OneToValue<vector<reco::RecoEcalCandidate>,float,unsigned int> >    "hltEgammaPixelMatchVarsUnseeded"   "etaWidth"        "MYHLT"   
edm::AssociationMap<edm::OneToValue<vector<reco::RecoEcalCandidate>,float,unsigned int> >    "hltEgammaGsfTrackVars"     "fbrem"           "MYHLT"   
edm::AssociationMap<edm::OneToValue<vector<reco::RecoEcalCandidate>,float,unsigned int> >    "hltEgammaPixelMatchVars"   "nrClus"          "MYHLT"   
edm::AssociationMap<edm::OneToValue<vector<reco::RecoEcalCandidate>,float,unsigned int> >    "hltEgammaPixelMatchVarsUnseeded"   "nrClus"          "MYHLT"   
edm::AssociationMap<edm::OneToValue<vector<reco::RecoEcalCandidate>,float,unsigned int> >    "hltEgammaPixelMatchVars"   "phiWidth"        "MYHLT"   
edm::AssociationMap<edm::OneToValue<vector<reco::RecoEcalCandidate>,float,unsigned int> >    "hltEgammaPixelMatchVarsUnseeded"   "phiWidth"        "MYHLT"   
edm::AssociationMap<edm::OneToValue<vector<reco::RecoEcalCandidate>,float,unsigned int> >    "hltEgammaPixelMatchVars"   "s2"              "MYHLT"   
edm::AssociationMap<edm::OneToValue<vector<reco::RecoEcalCandidate>,float,unsigned int> >    "hltEgammaPixelMatchVarsUnseeded"   "s2"              "MYHLT"   
edm::AssociationMap<edm::OneToValue<vector<reco::RecoEcalCandidate>,float,unsigned int> >    "hltEgammaClusterShape"     "sMajor"          "MYHLT"   
edm::AssociationMap<edm::OneToValue<vector<reco::RecoEcalCandidate>,float,unsigned int> >    "hltEgammaClusterShapeUnseeded"   "sMajor"          "MYHLT"   
edm::AssociationMap<edm::OneToValue<vector<reco::RecoEcalCandidate>,float,unsigned int> >    "hltEgammaClusterShape"     "sMinor"          "MYHLT"   
edm::AssociationMap<edm::OneToValue<vector<reco::RecoEcalCandidate>,float,unsigned int> >    "hltEgammaClusterShapeUnseeded"   "sMinor"          "MYHLT"   
edm::AssociationMap<edm::OneToValue<vector<reco::RecoEcalCandidate>,float,unsigned int> >    "hltEgammaPixelMatchVars"   "seedClusEFrac"   "MYHLT"   
edm::AssociationMap<edm::OneToValue<vector<reco::RecoEcalCandidate>,float,unsigned int> >    "hltEgammaPixelMatchVarsUnseeded"   "seedClusEFrac"   "MYHLT"   
edm::AssociationMap<edm::OneToValue<vector<reco::RecoEcalCandidate>,float,unsigned int> >    "hltEgammaClusterShape"     "sigmaIEtaIEta5x5"   "MYHLT"   
edm::AssociationMap<edm::OneToValue<vector<reco::RecoEcalCandidate>,float,unsigned int> >    "hltEgammaClusterShapeUnseeded"   "sigmaIEtaIEta5x5"   "MYHLT"   
edm::AssociationMap<edm::OneToValue<vector<reco::RecoEcalCandidate>,float,unsigned int> >    "hltEgammaClusterShape"     "sigmaIEtaIEta5x5NoiseCleaned"   "MYHLT"   
edm::AssociationMap<edm::OneToValue<vector<reco::RecoEcalCandidate>,float,unsigned int> >    "hltEgammaClusterShapeUnseeded"   "sigmaIEtaIEta5x5NoiseCleaned"   "MYHLT"   
edm::AssociationMap<edm::OneToValue<vector<reco::RecoEcalCandidate>,float,unsigned int> >    "hltEgammaClusterShape"     "sigmaIPhiIPhi"   "MYHLT"   
edm::AssociationMap<edm::OneToValue<vector<reco::RecoEcalCandidate>,float,unsigned int> >    "hltEgammaClusterShapeUnseeded"   "sigmaIPhiIPhi"   "MYHLT"   
edm::AssociationMap<edm::OneToValue<vector<reco::RecoEcalCandidate>,float,unsigned int> >    "hltEgammaClusterShape"     "sigmaIPhiIPhi5x5"   "MYHLT"   
edm::AssociationMap<edm::OneToValue<vector<reco::RecoEcalCandidate>,float,unsigned int> >    "hltEgammaClusterShapeUnseeded"   "sigmaIPhiIPhi5x5"   "MYHLT"   
edm::AssociationMap<edm::OneToValue<vector<reco::RecoEcalCandidate>,float,unsigned int> >    "hltEgammaClusterShape"     "sigmaIPhiIPhi5x5NoiseCleaned"   "MYHLT"   
edm::AssociationMap<edm::OneToValue<vector<reco::RecoEcalCandidate>,float,unsigned int> >    "hltEgammaClusterShapeUnseeded"   "sigmaIPhiIPhi5x5NoiseCleaned"   "MYHLT"   
edm::OwnVector<TrackingRecHit,edm::ClonePolicy<TrackingRecHit> >    "hltEgammaGsfTracks"        ""                "MYHLT"   
edm::SortedCollection<EcalRecHit,edm::StrictWeakOrdering<EcalRecHit> >    "hltEgammaHLTExtra"         "EcalRecHitsEB"   "MYHLT"   
edm::SortedCollection<EcalRecHit,edm::StrictWeakOrdering<EcalRecHit> >    "hltEgammaHLTExtra"         "EcalRecHitsEE"   "MYHLT"   
edm::SortedCollection<HBHERecHit,edm::StrictWeakOrdering<HBHERecHit> >    "hltEgammaHLTExtra"         ""                "MYHLT"   
edm::TriggerResults                   "TriggerResults"            ""                "MYHLT"   
int                                   "hltEgammaHLTExtra"         "countEcalRecHitsEcalRecHitsEBThres0GeV"   "MYHLT"   
int                                   "hltEgammaHLTExtra"         "countEcalRecHitsEcalRecHitsEBThres0p5GeV"   "MYHLT"   
int                                   "hltEgammaHLTExtra"         "countEcalRecHitsEcalRecHitsEBThres1GeV"   "MYHLT"   
int                                   "hltEgammaHLTExtra"         "countEcalRecHitsEcalRecHitsEBThres1p5GeV"   "MYHLT"   
int                                   "hltEgammaHLTExtra"         "countEcalRecHitsEcalRecHitsEBThres2GeV"   "MYHLT"   
int                                   "hltEgammaHLTExtra"         "countEcalRecHitsEcalRecHitsEEThres0GeV"   "MYHLT"   
int                                   "hltEgammaHLTExtra"         "countEcalRecHitsEcalRecHitsEEThres0p5GeV"   "MYHLT"   
int                                   "hltEgammaHLTExtra"         "countEcalRecHitsEcalRecHitsEEThres1GeV"   "MYHLT"   
int                                   "hltEgammaHLTExtra"         "countEcalRecHitsEcalRecHitsEEThres1p5GeV"   "MYHLT"   
int                                   "hltEgammaHLTExtra"         "countEcalRecHitsEcalRecHitsEEThres2GeV"   "MYHLT"   
int                                   "hltEgammaHLTExtra"         "countHcalRecHitsThres0GeV"   "MYHLT"   
int                                   "hltEgammaHLTExtra"         "countHcalRecHitsThres0p5GeV"   "MYHLT"   
int                                   "hltEgammaHLTExtra"         "countHcalRecHitsThres1GeV"   "MYHLT"   
int                                   "hltEgammaHLTExtra"         "countHcalRecHitsThres1p5GeV"   "MYHLT"   
int                                   "hltEgammaHLTExtra"         "countHcalRecHitsThres2GeV"   "MYHLT"   
vector<reco::CaloCluster>             "hltParticleFlowSuperClusterECALL1Seeded"   "hltParticleFlowBasicClusterECALBarrel"   "MYHLT"   
vector<reco::CaloCluster>             "hltParticleFlowSuperClusterECALUnseeded"   "hltParticleFlowBasicClusterECALBarrel"   "MYHLT"   
vector<reco::CaloCluster>             "hltParticleFlowSuperClusterECALL1Seeded"   "hltParticleFlowBasicClusterECALEndcap"   "MYHLT"   
vector<reco::CaloCluster>             "hltParticleFlowSuperClusterECALUnseeded"   "hltParticleFlowBasicClusterECALEndcap"   "MYHLT"   
vector<reco::CaloCluster>             "hltParticleFlowSuperClusterECALL1Seeded"   "hltParticleFlowBasicClusterECALPreshower"   "MYHLT"   
vector<reco::CaloCluster>             "hltParticleFlowSuperClusterECALUnseeded"   "hltParticleFlowBasicClusterECALPreshower"   "MYHLT"   
vector<reco::ElectronSeed>            "hltEgammaElectronPixelSeeds"   ""                "MYHLT"   
vector<reco::ElectronSeed>            "hltEgammaElectronPixelSeedsUnseeded"   ""                "MYHLT"   
vector<reco::GsfTrack>                "hltEgammaGsfTracks"        ""                "MYHLT"   
vector<reco::GsfTrackExtra>           "hltEgammaGsfTracks"        ""                "MYHLT"   
vector<reco::PFCluster>               "hltEgammaHLTExtra"         "Ecal"            "MYHLT"   
vector<reco::PFCluster>               "hltEgammaHLTExtra"         "EcalUnseeded"    "MYHLT"   
vector<reco::PFCluster>               "hltEgammaHLTExtra"         "Hcal"            "MYHLT"   
vector<reco::RecoEcalCandidate>       "hltEgammaCandidates"       ""                "MYHLT"   
vector<reco::RecoEcalCandidate>       "hltEgammaCandidatesUnseeded"   ""                "MYHLT"   
vector<reco::SuperCluster>            "hltParticleFlowSuperClusterECALL1Seeded"   "hltParticleFlowSuperClusterECALBarrel"   "MYHLT"   
vector<reco::SuperCluster>            "hltParticleFlowSuperClusterECALUnseeded"   "hltParticleFlowSuperClusterECALBarrel"   "MYHLT"   
vector<reco::SuperCluster>            "hltParticleFlowSuperClusterECALL1Seeded"   "hltParticleFlowSuperClusterECALEndcapWithPreshower"   "MYHLT"   
vector<reco::SuperCluster>            "hltParticleFlowSuperClusterECALUnseeded"   "hltParticleFlowSuperClusterECALEndcapWithPreshower"   "MYHLT"   
vector<reco::Track>                   "hltEgammaHLTExtra"         ""                "MYHLT"   
vector<reco::TrackExtra>              "hltEgammaGsfTracks"        ""                "MYHLT"   
vector<trigger::EgammaObject>         "hltEgammaHLTExtra"         ""                "MYHLT"   
vector<trigger::EgammaObject>         "hltEgammaHLTExtra"         "Unseeded"        "MYHLT"   
trigger::TriggerEvent                 "hltTriggerSummaryAOD"      ""                "MYHLT"   
